0 verbose cli C:\Program Files\nodejs\node.exe C:\Users\ihebc\AppData\Roaming\npm\node_modules\npm\bin\npm-cli.js
1 info using npm@10.5.2
2 info using node@v20.12.2
3 timing npm:load:whichnode Completed in 2ms
4 timing config:load:defaults Completed in 1ms
5 timing config:load:file:C:\Users\ihebc\AppData\Roaming\npm\node_modules\npm\npmrc Completed in 2ms
6 timing config:load:builtin Completed in 2ms
7 timing config:load:cli Completed in 2ms
8 timing config:load:env Completed in 0ms
9 timing config:load:file:C:\CBS\ConnectCBS\.npmrc Completed in 0ms
10 timing config:load:project Completed in 1ms
11 timing config:load:file:C:\Users\ihebc\.npmrc Completed in 1ms
12 timing config:load:user Completed in 1ms
13 timing config:load:file:C:\Users\ihebc\AppData\Roaming\npm\etc\npmrc Completed in 0ms
14 timing config:load:global Completed in 1ms
15 timing config:load:setEnvs Completed in 1ms
16 timing config:load Completed in 9ms
17 timing npm:load:configload Completed in 9ms
18 timing config:load:flatten Completed in 2ms
19 timing npm:load:mkdirpcache Completed in 0ms
20 timing npm:load:mkdirplogs Completed in 0ms
21 verbose title npm install expo-device@~5.9.4
22 verbose argv "install" "expo-device@~5.9.4"
23 timing npm:load:setTitle Completed in 1ms
24 timing npm:load:display Completed in 0ms
25 verbose logfile logs-max:10 dir:C:\CBS\ConnectCBS\clean\_logs\2024-04-18T08_10_02_335Z-
26 verbose logfile C:\CBS\ConnectCBS\clean\_logs\2024-04-18T08_10_02_335Z-debug-0.log
27 timing npm:load:logFile Completed in 4ms
28 timing npm:load:timers Completed in 0ms
29 timing npm:load:configScope Completed in 0ms
30 timing npm:load Completed in 37ms
31 timing arborist:ctor Completed in 1ms
32 silly logfile start cleaning logs, removing 1 files
33 silly logfile done cleaning log files
34 timing idealTree:init Completed in 495ms
35 timing idealTree:userRequests Completed in 2ms
36 silly idealTree buildDeps
37 silly fetch manifest expo-device@~5.9.4
38 timing arborist:ctor Completed in 0ms
39 http fetch GET 200 https://registry.npmjs.org/expo-device 386ms (cache miss)
40 silly placeDep ROOT expo-device@5.9.4 REPLACE for: bebecbs@1.0.0 want: ~5.9.4
41 timing idealTree:#root Completed in 403ms
42 timing idealTree:node_modules/expo-device Completed in 0ms
43 timing idealTree:buildDeps Completed in 404ms
44 timing idealTree:fixDepFlags Completed in 10ms
45 timing idealTree Completed in 925ms
46 timing reify:loadTrees Completed in 927ms
47 timing reify:diffTrees Completed in 32ms
48 silly reify mark retired [ 'C:\\CBS\\ConnectCBS\\node_modules\\expo-device' ]
49 silly reify moves {
49 silly reify   'C:\\CBS\\ConnectCBS\\node_modules\\expo-device': 'C:\\CBS\\ConnectCBS\\node_modules\\.expo-device-mbkkFTEz'
49 silly reify }
50 timing reify:retireShallow Completed in 128ms
51 timing reify:createSparse Completed in 2ms
52 timing reify:loadBundles Completed in 0ms
53 silly audit bulk request {
53 silly audit   '@ampproject/remapping': [ '2.3.0' ],
53 silly audit   '@babel/code-frame': [ '7.24.2', '7.10.4' ],
53 silly audit   '@babel/compat-data': [ '7.24.4' ],
53 silly audit   '@babel/core': [ '7.24.3' ],
53 silly audit   '@babel/generator': [ '7.24.1' ],
53 silly audit   '@babel/helper-annotate-as-pure': [ '7.22.5' ],
53 silly audit   '@babel/helper-builder-binary-assignment-operator-visitor': [ '7.22.15' ],
53 silly audit   '@babel/helper-compilation-targets': [ '7.23.6' ],
53 silly audit   '@babel/helper-create-class-features-plugin': [ '7.24.4' ],
53 silly audit   '@babel/helper-create-regexp-features-plugin': [ '7.22.15' ],
53 silly audit   '@babel/helper-define-polyfill-provider': [ '0.6.1' ],
53 silly audit   '@babel/helper-environment-visitor': [ '7.22.20' ],
53 silly audit   '@babel/helper-function-name': [ '7.23.0' ],
53 silly audit   '@babel/helper-hoist-variables': [ '7.22.5' ],
53 silly audit   '@babel/helper-member-expression-to-functions': [ '7.23.0' ],
53 silly audit   '@babel/helper-module-imports': [ '7.24.3' ],
53 silly audit   '@babel/helper-module-transforms': [ '7.23.3' ],
53 silly audit   '@babel/helper-optimise-call-expression': [ '7.22.5' ],
53 silly audit   '@babel/helper-plugin-utils': [ '7.24.0' ],
53 silly audit   '@babel/helper-remap-async-to-generator': [ '7.22.20' ],
53 silly audit   '@babel/helper-replace-supers': [ '7.24.1' ],
53 silly audit   '@babel/helper-simple-access': [ '7.22.5' ],
53 silly audit   '@babel/helper-skip-transparent-expression-wrappers': [ '7.22.5' ],
53 silly audit   '@babel/helper-split-export-declaration': [ '7.22.6' ],
53 silly audit   '@babel/helper-string-parser': [ '7.24.1' ],
53 silly audit   '@babel/helper-validator-identifier': [ '7.22.20' ],
53 silly audit   '@babel/helper-validator-option': [ '7.23.5' ],
53 silly audit   '@babel/helper-wrap-function': [ '7.22.20' ],
53 silly audit   '@babel/helpers': [ '7.24.1' ],
53 silly audit   '@babel/highlight': [ '7.24.2' ],
53 silly audit   '@babel/parser': [ '7.24.1' ],
53 silly audit   '@babel/plugin-bugfix-firefox-class-in-computed-class-key': [ '7.24.4' ],
53 silly audit   '@babel/plugin-bugfix-safari-id-destructuring-collision-in-function-expression': [ '7.24.1' ],
53 silly audit   '@babel/plugin-bugfix-v8-spread-parameters-in-optional-chaining': [ '7.24.1' ],
53 silly audit   '@babel/plugin-bugfix-v8-static-class-fields-redefine-readonly': [ '7.24.1' ],
53 silly audit   '@babel/plugin-proposal-async-generator-functions': [ '7.20.7' ],
53 silly audit   '@babel/plugin-proposal-class-properties': [ '7.18.6' ],
53 silly audit   '@babel/plugin-proposal-decorators': [ '7.24.1' ],
53 silly audit   '@babel/plugin-proposal-export-default-from': [ '7.24.1' ],
53 silly audit   '@babel/plugin-proposal-nullish-coalescing-operator': [ '7.18.6' ],
53 silly audit   '@babel/plugin-proposal-numeric-separator': [ '7.18.6' ],
53 silly audit   '@babel/plugin-proposal-object-rest-spread': [ '7.20.7' ],
53 silly audit   '@babel/plugin-proposal-optional-catch-binding': [ '7.18.6' ],
53 silly audit   '@babel/plugin-proposal-optional-chaining': [ '7.21.0' ],
53 silly audit   '@babel/plugin-proposal-private-property-in-object': [ '7.21.0-placeholder-for-preset-env.2' ],
53 silly audit   '@babel/plugin-syntax-async-generators': [ '7.8.4' ],
53 silly audit   '@babel/plugin-syntax-class-properties': [ '7.12.13' ],
53 silly audit   '@babel/plugin-syntax-class-static-block': [ '7.14.5' ],
53 silly audit   '@babel/plugin-syntax-decorators': [ '7.24.1' ],
53 silly audit   '@babel/plugin-syntax-dynamic-import': [ '7.8.3' ],
53 silly audit   '@babel/plugin-syntax-export-default-from': [ '7.24.1' ],
53 silly audit   '@babel/plugin-syntax-export-namespace-from': [ '7.8.3' ],
53 silly audit   '@babel/plugin-syntax-flow': [ '7.24.1' ],
53 silly audit   '@babel/plugin-syntax-import-assertions': [ '7.24.1' ],
53 silly audit   '@babel/plugin-syntax-import-attributes': [ '7.24.1' ],
53 silly audit   '@babel/plugin-syntax-import-meta': [ '7.10.4' ],
53 silly audit   '@babel/plugin-syntax-json-strings': [ '7.8.3' ],
53 silly audit   '@babel/plugin-syntax-jsx': [ '7.24.1' ],
53 silly audit   '@babel/plugin-syntax-logical-assignment-operators': [ '7.10.4' ],
53 silly audit   '@babel/plugin-syntax-nullish-coalescing-operator': [ '7.8.3' ],
53 silly audit   '@babel/plugin-syntax-numeric-separator': [ '7.10.4' ],
53 silly audit   '@babel/plugin-syntax-object-rest-spread': [ '7.8.3' ],
53 silly audit   '@babel/plugin-syntax-optional-catch-binding': [ '7.8.3' ],
53 silly audit   '@babel/plugin-syntax-optional-chaining': [ '7.8.3' ],
53 silly audit   '@babel/plugin-syntax-private-property-in-object': [ '7.14.5' ],
53 silly audit   '@babel/plugin-syntax-top-level-await': [ '7.14.5' ],
53 silly audit   '@babel/plugin-syntax-typescript': [ '7.24.1' ],
53 silly audit   '@babel/plugin-syntax-unicode-sets-regex': [ '7.18.6' ],
53 silly audit   '@babel/plugin-transform-arrow-functions': [ '7.24.1' ],
53 silly audit   '@babel/plugin-transform-async-generator-functions': [ '7.24.3' ],
53 silly audit   '@babel/plugin-transform-async-to-generator': [ '7.24.1' ],
53 silly audit   '@babel/plugin-transform-block-scoped-functions': [ '7.24.1' ],
53 silly audit   '@babel/plugin-transform-block-scoping': [ '7.24.4' ],
53 silly audit   '@babel/plugin-transform-class-properties': [ '7.24.1' ],
53 silly audit   '@babel/plugin-transform-class-static-block': [ '7.24.4' ],
53 silly audit   '@babel/plugin-transform-classes': [ '7.24.1' ],
53 silly audit   '@babel/plugin-transform-computed-properties': [ '7.24.1' ],
53 silly audit   '@babel/plugin-transform-destructuring': [ '7.24.1' ],
53 silly audit   '@babel/plugin-transform-dotall-regex': [ '7.24.1' ],
53 silly audit   '@babel/plugin-transform-duplicate-keys': [ '7.24.1' ],
53 silly audit   '@babel/plugin-transform-dynamic-import': [ '7.24.1' ],
53 silly audit   '@babel/plugin-transform-exponentiation-operator': [ '7.24.1' ],
53 silly audit   '@babel/plugin-transform-export-namespace-from': [ '7.24.1' ],
53 silly audit   '@babel/plugin-transform-flow-strip-types': [ '7.24.1' ],
53 silly audit   '@babel/plugin-transform-for-of': [ '7.24.1' ],
53 silly audit   '@babel/plugin-transform-function-name': [ '7.24.1' ],
53 silly audit   '@babel/plugin-transform-json-strings': [ '7.24.1' ],
53 silly audit   '@babel/plugin-transform-literals': [ '7.24.1' ],
53 silly audit   '@babel/plugin-transform-logical-assignment-operators': [ '7.24.1' ],
53 silly audit   '@babel/plugin-transform-member-expression-literals': [ '7.24.1' ],
53 silly audit   '@babel/plugin-transform-modules-amd': [ '7.24.1' ],
53 silly audit   '@babel/plugin-transform-modules-commonjs': [ '7.24.1' ],
53 silly audit   '@babel/plugin-transform-modules-systemjs': [ '7.24.1' ],
53 silly audit   '@babel/plugin-transform-modules-umd': [ '7.24.1' ],
53 silly audit   '@babel/plugin-transform-named-capturing-groups-regex': [ '7.22.5' ],
53 silly audit   '@babel/plugin-transform-new-target': [ '7.24.1' ],
53 silly audit   '@babel/plugin-transform-nullish-coalescing-operator': [ '7.24.1' ],
53 silly audit   '@babel/plugin-transform-numeric-separator': [ '7.24.1' ],
53 silly audit   '@babel/plugin-transform-object-assign': [ '7.24.1' ],
53 silly audit   '@babel/plugin-transform-object-rest-spread': [ '7.24.1' ],
53 silly audit   '@babel/plugin-transform-object-super': [ '7.24.1' ],
53 silly audit   '@babel/plugin-transform-optional-catch-binding': [ '7.24.1' ],
53 silly audit   '@babel/plugin-transform-optional-chaining': [ '7.24.1' ],
53 silly audit   '@babel/plugin-transform-parameters': [ '7.24.1' ],
53 silly audit   '@babel/plugin-transform-private-methods': [ '7.24.1' ],
53 silly audit   '@babel/plugin-transform-private-property-in-object': [ '7.24.1' ],
53 silly audit   '@babel/plugin-transform-property-literals': [ '7.24.1' ],
53 silly audit   '@babel/plugin-transform-react-display-name': [ '7.24.1' ],
53 silly audit   '@babel/plugin-transform-react-jsx': [ '7.23.4' ],
53 silly audit   '@babel/plugin-transform-react-jsx-development': [ '7.22.5' ],
53 silly audit   '@babel/plugin-transform-react-jsx-self': [ '7.24.1' ],
53 silly audit   '@babel/plugin-transform-react-jsx-source': [ '7.24.1' ],
53 silly audit   '@babel/plugin-transform-react-pure-annotations': [ '7.24.1' ],
53 silly audit   '@babel/plugin-transform-regenerator': [ '7.24.1' ],
53 silly audit   '@babel/plugin-transform-reserved-words': [ '7.24.1' ],
53 silly audit   '@babel/plugin-transform-runtime': [ '7.24.3' ],
53 silly audit   '@babel/plugin-transform-shorthand-properties': [ '7.24.1' ],
53 silly audit   '@babel/plugin-transform-spread': [ '7.24.1' ],
53 silly audit   '@babel/plugin-transform-sticky-regex': [ '7.24.1' ],
53 silly audit   '@babel/plugin-transform-template-literals': [ '7.24.1' ],
53 silly audit   '@babel/plugin-transform-typeof-symbol': [ '7.24.1' ],
53 silly audit   '@babel/plugin-transform-typescript': [ '7.24.1' ],
53 silly audit   '@babel/plugin-transform-unicode-escapes': [ '7.24.1' ],
53 silly audit   '@babel/plugin-transform-unicode-property-regex': [ '7.24.1' ],
53 silly audit   '@babel/plugin-transform-unicode-regex': [ '7.24.1' ],
53 silly audit   '@babel/plugin-transform-unicode-sets-regex': [ '7.24.1' ],
53 silly audit   '@babel/preset-env': [ '7.24.4' ],
53 silly audit   '@babel/preset-flow': [ '7.24.1' ],
53 silly audit   '@babel/preset-modules': [ '0.1.6-no-external-plugins' ],
53 silly audit   '@babel/preset-react': [ '7.24.1' ],
53 silly audit   '@babel/preset-typescript': [ '7.24.1' ],
53 silly audit   '@babel/register': [ '7.23.7' ],
53 silly audit   '@babel/regjsgen': [ '0.8.0' ],
53 silly audit   '@babel/runtime': [ '7.24.1' ],
53 silly audit   '@babel/template': [ '7.24.0' ],
53 silly audit   '@babel/traverse': [ '7.24.1' ],
53 silly audit   '@babel/types': [ '7.24.0' ],
53 silly audit   '@callstack/react-theme-provider': [ '3.0.9' ],
53 silly audit   deepmerge: [ '3.3.0', '4.3.1' ],
53 silly audit   '@egjs/hammerjs': [ '2.0.17' ],
53 silly audit   '@expo/bunyan': [ '4.0.0' ],
53 silly audit   '@expo/cli': [ '0.17.10' ],
53 silly audit   'ansi-styles': [ '4.3.0', '3.2.1', '5.2.0' ],
53 silly audit   chalk: [ '4.1.2', '2.4.2' ],
53 silly audit   'color-convert': [ '2.0.1', '1.9.3' ],
53 silly audit   'color-name': [ '1.1.4', '1.1.3' ],
53 silly audit   'has-flag': [ '4.0.0', '3.0.0' ],
53 silly audit   'lru-cache': [ '6.0.0', '5.1.1' ],
53 silly audit   semver: [ '7.6.0', '7.5.3', '7.3.2', '5.7.2', '6.3.1' ],
53 silly audit   'supports-color': [ '7.2.0', '8.1.1', '5.5.0' ],
53 silly audit   yallist: [ '4.0.0', '3.1.1' ],
53 silly audit   '@expo/code-signing-certificates': [ '0.0.5' ],
53 silly audit   '@expo/config': [ '8.5.6' ],
53 silly audit   '@expo/config-plugins': [ '7.9.1' ],
53 silly audit   glob: [ '7.1.6', '7.2.3', '6.0.4', '7.0.6' ],
53 silly audit   '@expo/config-types': [ '50.0.1' ],
53 silly audit   '@expo/devcert': [ '1.1.0' ],
53 silly audit   debug: [ '3.2.7', '2.6.9', '4.3.4' ],
53 silly audit   '@expo/env': [ '0.2.3' ],
53 silly audit   '@expo/fingerprint': [ '0.6.1' ],
53 silly audit   '@expo/image-utils': [ '0.4.1' ],
53 silly audit   'crypto-random-string': [ '1.0.0', '2.0.0' ],
53 silly audit   'fs-extra': [ '9.0.0', '9.1.0', '8.1.0' ],
53 silly audit   jsonfile: [ '6.1.0', '4.0.0' ],
53 silly audit   universalify: [ '2.0.1', '1.0.0', '0.1.2' ],
53 silly audit   'temp-dir': [ '1.0.0', '2.0.0' ],
53 silly audit   tempy: [ '0.3.0', '0.7.1' ],
53 silly audit   'type-fest': [ '0.3.1', '0.7.1', '0.16.0', '0.21.3' ],
53 silly audit   'unique-string': [ '1.0.0', '2.0.0' ],
53 silly audit   '@expo/json-file': [ '8.3.0' ],
53 silly audit   '@expo/metro-config': [ '0.17.7' ],
53 silly audit   '@expo/spawn-async': [ '1.7.2', '1.5.0' ],
53 silly audit   'cross-spawn': [ '7.0.3', '6.0.5' ],
53 silly audit   'path-key': [ '3.1.1', '2.0.1' ],
53 silly audit   'shebang-command': [ '2.0.0', '1.2.0' ],
53 silly audit   'shebang-regex': [ '3.0.0', '1.0.0' ],
53 silly audit   which: [ '2.0.2', '1.3.1' ],
53 silly audit   '@expo/osascript': [ '2.1.0' ],
53 silly audit   '@expo/package-manager': [ '1.4.2' ],
53 silly audit   'sudo-prompt': [ '9.1.1', '9.2.1', '8.2.5' ],
53 silly audit   '@expo/plist': [ '0.1.0' ],
53 silly audit   '@expo/prebuild-config': [ '6.8.1' ],
53 silly audit   '@expo/rudder-sdk-node': [ '1.1.1' ],
53 silly audit   '@expo/sdk-runtime-versions': [ '1.0.0' ],
53 silly audit   '@expo/vector-icons': [ '14.0.0' ],
53 silly audit   '@expo/xcpretty': [ '4.3.1' ],
53 silly audit   argparse: [ '2.0.1', '1.0.10' ],
53 silly audit   'js-yaml': [ '4.1.0', '3.14.1' ],
53 silly audit   '@fastify/busboy': [ '2.1.1' ],
53 silly audit   '@firebase/analytics': [ '0.10.1' ],
53 silly audit   '@firebase/analytics-compat': [ '0.2.7' ],
53 silly audit   '@firebase/analytics-types': [ '0.8.0' ],
53 silly audit   '@firebase/app': [ '0.9.29' ],
53 silly audit   '@firebase/app-check': [ '0.8.2' ],
53 silly audit   '@firebase/app-check-compat': [ '0.3.9' ],
53 silly audit   '@firebase/app-check-interop-types': [ '0.3.0' ],
53 silly audit   '@firebase/app-check-types': [ '0.5.0' ],
53 silly audit   '@firebase/app-compat': [ '0.2.29' ],
53 silly audit   '@firebase/app-types': [ '0.9.0' ],
53 silly audit   '@firebase/auth': [ '1.6.2' ],
53 silly audit   '@firebase/auth-compat': [ '0.5.4' ],
53 silly audit   '@firebase/auth-interop-types': [ '0.2.1' ],
53 silly audit   '@firebase/auth-types': [ '0.12.0' ],
53 silly audit   '@firebase/component': [ '0.6.5' ],
53 silly audit   '@firebase/database': [ '1.0.3' ],
53 silly audit   '@firebase/database-compat': [ '1.0.3' ],
53 silly audit   '@firebase/database-types': [ '1.0.1' ],
53 silly audit   '@firebase/firestore': [ '4.5.0' ],
53 silly audit   '@firebase/firestore-compat': [ '0.3.27' ],
53 silly audit   '@firebase/firestore-types': [ '3.0.0' ],
53 silly audit   '@firebase/functions': [ '0.11.2' ],
53 silly audit   '@firebase/functions-compat': [ '0.3.8' ],
53 silly audit   '@firebase/functions-types': [ '0.6.0' ],
53 silly audit   '@firebase/installations': [ '0.6.5' ],
53 silly audit   '@firebase/installations-compat': [ '0.2.5' ],
53 silly audit   '@firebase/installations-types': [ '0.5.0' ],
53 silly audit   '@firebase/logger': [ '0.4.0' ],
53 silly audit   '@firebase/messaging': [ '0.12.6' ],
53 silly audit   '@firebase/messaging-compat': [ '0.2.6' ],
53 silly audit   '@firebase/messaging-interop-types': [ '0.2.0' ],
53 silly audit   '@firebase/performance': [ '0.6.5' ],
53 silly audit   '@firebase/performance-compat': [ '0.2.5' ],
53 silly audit   '@firebase/performance-types': [ '0.2.0' ],
53 silly audit   '@firebase/remote-config': [ '0.4.5' ],
53 silly audit   '@firebase/remote-config-compat': [ '0.2.5' ],
53 silly audit   '@firebase/remote-config-types': [ '0.3.0' ],
53 silly audit   '@firebase/storage': [ '0.12.2' ],
53 silly audit   '@firebase/storage-compat': [ '0.3.5' ],
53 silly audit   '@firebase/storage-types': [ '0.8.0' ],
53 silly audit   '@firebase/util': [ '1.9.4' ],
53 silly audit   '@firebase/webchannel-wrapper': [ '0.10.5' ],
53 silly audit   '@fortawesome/fontawesome-common-types': [ '6.5.1' ],
53 silly audit   '@fortawesome/fontawesome-svg-core': [ '6.5.1' ],
53 silly audit   '@fortawesome/free-solid-svg-icons': [ '6.5.1' ],
53 silly audit   '@gar/promisify': [ '1.1.3' ],
53 silly audit   '@graphql-typed-document-node/core': [ '3.2.0' ],
53 silly audit   '@grpc/grpc-js': [ '1.9.14' ],
53 silly audit   '@grpc/proto-loader': [ '0.7.11' ],
53 silly audit   '@hapi/hoek': [ '9.3.0' ],
53 silly audit   '@hapi/topo': [ '5.1.0' ],
53 silly audit   '@ide/backoff': [ '1.0.0' ],
53 silly audit   '@isaacs/ttlcache': [ '1.4.1' ],
53 silly audit   '@jest/create-cache-key-function': [ '29.7.0' ],
53 silly audit   '@jest/environment': [ '29.7.0' ],
53 silly audit   '@jest/fake-timers': [ '29.7.0' ],
53 silly audit   '@jest/schemas': [ '29.6.3' ],
53 silly audit   '@jest/types': [ '29.6.3', '26.6.2' ],
53 silly audit   '@jridgewell/gen-mapping': [ '0.3.5' ],
53 silly audit   '@jridgewell/resolve-uri': [ '3.1.2' ],
53 silly audit   '@jridgewell/set-array': [ '1.2.1' ],
53 silly audit   '@jridgewell/source-map': [ '0.3.6' ],
53 silly audit   '@jridgewell/sourcemap-codec': [ '1.4.15' ],
53 silly audit   '@jridgewell/trace-mapping': [ '0.3.25' ],
53 silly audit   '@jsamr/counter-style': [ '2.0.2' ],
53 silly audit   '@jsamr/react-native-li': [ '2.3.1' ],
53 silly audit   '@mindinventory/rn-top-navbar': [ '0.0.4' ],
53 silly audit   '@native-html/css-processor': [ '1.11.0' ],
53 silly audit   '@native-html/transient-render-engine': [ '11.2.3' ],
53 silly audit   'dom-serializer': [ '1.4.1' ],
53 silly audit   domhandler: [ '4.3.1' ],
53 silly audit   domutils: [ '2.8.0' ],
53 silly audit   entities: [ '2.2.0', '3.0.1' ],
53 silly audit   ramda: [ '0.27.2', '0.29.1' ],
53 silly audit   '@nodelib/fs.scandir': [ '2.1.5' ],
53 silly audit   '@nodelib/fs.stat': [ '2.0.5' ],
53 silly audit   '@nodelib/fs.walk': [ '1.2.8' ],
53 silly audit   '@npmcli/fs': [ '1.1.1' ],
53 silly audit   '@npmcli/move-file': [ '1.1.2' ],
53 silly audit   mkdirp: [ '1.0.4', '0.5.6' ],
53 silly audit   rimraf: [ '3.0.2', '2.4.5', '2.7.1', '2.6.3' ],
53 silly audit   '@protobufjs/aspromise': [ '1.1.2' ],
53 silly audit   '@protobufjs/base64': [ '1.1.2' ],
53 silly audit   '@protobufjs/codegen': [ '2.0.4' ],
53 silly audit   '@protobufjs/eventemitter': [ '1.1.0' ],
53 silly audit   '@protobufjs/fetch': [ '1.1.0' ],
53 silly audit   '@protobufjs/float': [ '1.0.2' ],
53 silly audit   '@protobufjs/inquire': [ '1.1.0' ],
53 silly audit   '@protobufjs/path': [ '1.1.2' ],
53 silly audit   '@protobufjs/pool': [ '1.1.0' ],
53 silly audit   '@protobufjs/utf8': [ '1.1.0' ],
53 silly audit   '@react-native-community/checkbox': [ '0.5.17' ],
53 silly audit   '@react-native-community/cli': [ '12.3.6' ],
53 silly audit   '@react-native-community/cli-clean': [ '12.3.6' ],
53 silly audit   execa: [ '5.1.1', '1.0.0' ],
53 silly audit   'get-stream': [ '6.0.1', '4.1.0' ],
53 silly audit   'is-stream': [ '2.0.1', '1.1.0' ],
53 silly audit   'mimic-fn': [ '2.1.0', '1.2.0' ],
53 silly audit   'npm-run-path': [ '4.0.1', '2.0.2' ],
53 silly audit   onetime: [ '5.1.2', '2.0.1' ],
53 silly audit   '@react-native-community/cli-config': [ '12.3.6' ],
53 silly audit   '@react-native-community/cli-debugger-ui': [ '12.3.6' ],
53 silly audit   '@react-native-community/cli-doctor': [ '12.3.6' ],
53 silly audit   'cli-cursor': [ '3.1.0', '2.1.0' ],
53 silly audit   'log-symbols': [ '4.1.0', '2.2.0' ],
53 silly audit   ora: [ '5.4.1', '3.4.0' ],
53 silly audit   'strip-ansi': [ '6.0.1', '5.2.0' ],
53 silly audit   'restore-cursor': [ '3.1.0', '2.0.0' ],
53 silly audit   '@react-native-community/cli-hermes': [ '12.3.6' ],
53 silly audit   '@react-native-community/cli-platform-android': [ '12.3.6' ],
53 silly audit   '@react-native-community/cli-platform-ios': [ '12.3.6' ],
53 silly audit   '@react-native-community/cli-plugin-metro': [ '12.3.6' ],
53 silly audit   '@react-native-community/cli-server-api': [ '12.3.6' ],
53 silly audit   ws: [ '7.5.9', '6.2.2', '8.16.0' ],
53 silly audit   '@react-native-community/cli-tools': [ '12.3.6' ],
53 silly audit   'is-wsl': [ '1.1.0', '2.2.0' ],
53 silly audit   open: [ '6.4.0', '7.4.2', '8.4.2' ],
53 silly audit   '@react-native-community/cli-types': [ '12.3.6' ],
53 silly audit   commander: [ '9.5.0', '7.2.0', '4.1.1', '2.20.3' ],
53 silly audit   'find-up': [ '4.1.0', '5.0.0', '3.0.0' ],
53 silly audit   'locate-path': [ '5.0.0', '6.0.0', '3.0.0' ],
53 silly audit   'p-limit': [ '2.3.0', '3.1.0' ],
53 silly audit   'p-locate': [ '4.1.0', '5.0.0', '3.0.0' ],
53 silly audit   '@react-native-community/progress-bar-android': [ '1.0.5' ],
53 silly audit   '@react-native-community/slider': [ '4.4.2' ],
53 silly audit   '@react-native-picker/picker': [ '2.6.1' ],
53 silly audit   '@react-native/assets-registry': [ '0.73.1' ],
53 silly audit   '@react-native/babel-plugin-codegen': [ '0.73.4' ],
53 silly audit   '@react-native/babel-preset': [ '0.73.21' ],
53 silly audit   '@react-native/codegen': [ '0.73.3' ],
53 silly audit   'flow-parser': [ '0.206.0', '0.232.0' ],
53 silly audit   '@react-native/community-cli-plugin': [ '0.73.17' ],
53 silly audit   '@react-native/debugger-frontend': [ '0.73.3' ],
53 silly audit   '@react-native/dev-middleware': [ '0.73.8' ],
53 silly audit   ms: [ '2.0.0', '2.1.2', '2.1.3' ],
53 silly audit   '@react-native/gradle-plugin': [ '0.73.4' ],
53 silly audit   '@react-native/js-polyfills': [ '0.73.1' ],
53 silly audit   '@react-native/metro-babel-transformer': [ '0.73.15' ],
53 silly audit   'hermes-estree': [ '0.15.0', '0.20.1' ],
53 silly audit   'hermes-parser': [ '0.15.0', '0.20.1' ],
53 silly audit   '@react-native/normalize-color': [ '2.1.0' ],
53 silly audit   '@react-native/normalize-colors': [ '0.73.2' ],
53 silly audit   '@react-native/virtualized-lists': [ '0.73.4' ],
53 silly audit   '@react-navigation/bottom-tabs': [ '6.5.20' ],
53 silly audit   '@react-navigation/core': [ '6.4.16' ],
53 silly audit   '@react-navigation/drawer': [ '6.6.15' ],
53 silly audit   '@react-navigation/elements': [ '1.3.30' ],
53 silly audit   '@react-navigation/native': [ '6.1.17' ],
53 silly audit   '@react-navigation/routers': [ '6.1.9' ],
53 silly audit   '@react-navigation/stack': [ '6.3.29' ],
53 silly audit   '@segment/loosely-validate-event': [ '2.0.0' ],
53 silly audit   '@sideway/address': [ '4.1.5' ],
53 silly audit   '@sideway/formula': [ '3.0.1' ],
53 silly audit   '@sideway/pinpoint': [ '2.0.0' ],
53 silly audit   '@sinclair/typebox': [ '0.27.8' ],
53 silly audit   '@sinonjs/commons': [ '3.0.1' ],
53 silly audit   '@sinonjs/fake-timers': [ '10.3.0' ],
53 silly audit   '@types/hammerjs': [ '2.0.45' ],
53 silly audit   '@types/istanbul-lib-coverage': [ '2.0.6' ],
53 silly audit   '@types/istanbul-lib-report': [ '3.0.3' ],
53 silly audit   '@types/istanbul-reports': [ '3.0.4' ],
53 silly audit   '@types/node': [ '20.11.30' ],
53 silly audit   '@types/prop-types': [ '15.7.12' ],
53 silly audit   '@types/ramda': [ '0.27.66' ],
53 silly audit   '@types/react': [ '18.2.72' ],
53 silly audit   '@types/react-addons-shallow-compare': [ '0.14.25' ],
53 silly audit   '@types/stack-utils': [ '2.0.3' ],
53 silly audit   '@types/urijs': [ '1.19.25' ],
53 silly audit   '@types/yargs': [ '17.0.32', '15.0.19' ],
53 silly audit   '@types/yargs-parser': [ '21.0.3' ],
53 silly audit   '@urql/core': [ '2.3.6' ],
53 silly audit   '@urql/exchange-retry': [ '0.3.0' ],
53 silly audit   '@xmldom/xmldom': [ '0.7.13', '0.8.10' ],
53 silly audit   'abort-controller': [ '3.0.0' ],
53 silly audit   accepts: [ '1.3.8' ],
53 silly audit   acorn: [ '8.11.3' ],
53 silly audit   'agent-base': [ '6.0.2' ],
53 silly audit   'aggregate-error': [ '3.1.0' ],
53 silly audit   anser: [ '1.4.10' ],
53 silly audit   'ansi-escapes': [ '4.3.2' ],
53 silly audit   'ansi-fragments': [ '0.2.1' ],
53 silly audit   'ansi-regex': [ '5.0.1', '4.1.1' ],
53 silly audit   'any-promise': [ '1.3.0' ],
53 silly audit   anymatch: [ '3.1.3' ],
53 silly audit   picomatch: [ '2.3.1', '3.0.1' ],
53 silly audit   appdirsjs: [ '1.2.7' ],
53 silly audit   'application-config-path': [ '0.1.1' ],
53 silly audit   arg: [ '5.0.2' ],
53 silly audit   'array-buffer-byte-length': [ '1.0.1' ],
53 silly audit   'array-union': [ '2.1.0' ],
53 silly audit   'arraybuffer.prototype.slice': [ '1.0.3' ],
53 silly audit   asap: [ '2.0.6' ],
53 silly audit   assert: [ '2.1.0' ],
53 silly audit   'ast-types': [ '0.15.2' ],
53 silly audit   'astral-regex': [ '1.0.0' ],
53 silly audit   'async-limiter': [ '1.0.1' ],
53 silly audit   asynckit: [ '0.4.0' ],
53 silly audit   'at-least-node': [ '1.0.0' ],
53 silly audit   'available-typed-arrays': [ '1.0.7' ],
53 silly audit   'babel-core': [ '7.0.0-bridge.0' ],
53 silly audit   'babel-plugin-polyfill-corejs2': [ '0.4.10' ],
53 silly audit   'babel-plugin-polyfill-corejs3': [ '0.10.4' ],
53 silly audit   'babel-plugin-polyfill-regenerator': [ '0.6.1' ],
53 silly audit   'babel-plugin-react-native-web': [ '0.18.12' ],
53 silly audit   'babel-plugin-syntax-trailing-function-commas': [ '7.0.0-beta.0' ],
53 silly audit   'babel-plugin-transform-flow-enums': [ '0.0.2' ],
53 silly audit   'babel-preset-expo': [ '10.0.2' ],
53 silly audit   'babel-preset-fbjs': [ '3.4.0' ],
53 silly audit   badgin: [ '1.2.3' ],
53 silly audit   'balanced-match': [ '1.0.2' ],
53 silly audit   'base-64': [ '0.1.0' ],
53 silly audit   'base64-js': [ '1.5.1' ],
53 silly audit   'better-opn': [ '3.0.2' ],
53 silly audit   'big-integer': [ '1.6.52' ],
53 silly audit   bl: [ '4.1.0' ],
53 silly audit   'readable-stream': [ '3.6.2', '2.3.8' ],
53 silly audit   'blueimp-md5': [ '2.19.0' ],
53 silly audit   'bplist-creator': [ '0.1.0' ],
53 silly audit   'bplist-parser': [ '0.3.2', '0.3.1' ],
53 silly audit   'brace-expansion': [ '1.1.11' ],
53 silly audit   braces: [ '3.0.2' ],
53 silly audit   browserslist: [ '4.23.0' ],
53 silly audit   bser: [ '2.1.1' ],
53 silly audit   buffer: [ '5.7.1' ],
53 silly audit   'buffer-alloc': [ '1.2.0' ],
53 silly audit   'buffer-alloc-unsafe': [ '1.1.0' ],
53 silly audit   'buffer-fill': [ '1.0.0' ],
53 silly audit   'buffer-from': [ '1.1.2' ],
53 silly audit   builtins: [ '1.0.3' ],
53 silly audit   bytes: [ '3.0.0' ],
53 silly audit   cacache: [ '15.3.0' ],
53 silly audit   'call-bind': [ '1.0.7' ],
53 silly audit   'caller-callsite': [ '2.0.0' ],
53 silly audit   'caller-path': [ '2.0.0' ],
53 silly audit   callsites: [ '2.0.0' ],
53 silly audit   camelcase: [ '6.3.0', '5.3.1' ],
53 silly audit   camelize: [ '1.0.1' ],
53 silly audit   'caniuse-lite': [ '1.0.30001600' ],
53 silly audit   'escape-string-regexp': [ '1.0.5', '4.0.0', '2.0.0' ],
53 silly audit   'character-entities-html4': [ '1.1.4' ],
53 silly audit   'character-entities-legacy': [ '1.1.4' ],
53 silly audit   charenc: [ '0.0.2' ],
53 silly audit   chownr: [ '2.0.0' ],
53 silly audit   'chrome-launcher': [ '0.15.2' ],
53 silly audit   'chromium-edge-launcher': [ '1.0.0' ],
53 silly audit   'ci-info': [ '3.9.0', '2.0.0' ],
53 silly audit   'clean-stack': [ '2.2.0' ],
53 silly audit   'cli-spinners': [ '2.9.2' ],
53 silly audit   cliui: [ '8.0.1', '6.0.0' ],
53 silly audit   clone: [ '2.1.2', '1.0.4' ],
53 silly audit   'clone-deep': [ '4.0.1' ],
53 silly audit   color: [ '4.2.3', '3.2.1' ],
53 silly audit   'color-string': [ '1.9.1' ],
53 silly audit   colorette: [ '1.4.0' ],
53 silly audit   'combined-stream': [ '1.0.8' ],
53 silly audit   'command-exists': [ '1.2.9' ],
53 silly audit   commondir: [ '1.0.1' ],
53 silly audit   'component-type': [ '1.2.2' ],
53 silly audit   compressible: [ '2.0.18' ],
53 silly audit   compression: [ '1.7.4' ],
53 silly audit   'concat-map': [ '0.0.1' ],
53 silly audit   connect: [ '3.7.0' ],
53 silly audit   'convert-source-map': [ '2.0.0' ],
53 silly audit   'core-js': [ '1.2.7' ],
53 silly audit   'core-js-compat': [ '3.36.1' ],
53 silly audit   'core-util-is': [ '1.0.3' ],
53 silly audit   cosmiconfig: [ '5.2.1' ],
53 silly audit   'cross-fetch': [ '3.1.8' ],
53 silly audit   crypt: [ '0.0.2' ],
53 silly audit   'css-color-keywords': [ '1.0.0' ],
53 silly audit   'css-to-react-native': [ '3.2.0' ],
53 silly audit   csstype: [ '3.1.3' ],
53 silly audit   'dag-map': [ '1.0.2' ],
53 silly audit   'data-view-buffer': [ '1.0.1' ],
53 silly audit   'data-view-byte-length': [ '1.0.1' ],
53 silly audit   'data-view-byte-offset': [ '1.0.0' ],
53 silly audit   dayjs: [ '1.11.10' ],
53 silly audit   decamelize: [ '1.2.0' ],
53 silly audit   'decode-uri-component': [ '0.2.2' ],
53 silly audit   'deep-extend': [ '0.6.0' ],
53 silly audit   'default-gateway': [ '4.2.0' ],
53 silly audit   defaults: [ '1.0.4' ],
53 silly audit   'define-data-property': [ '1.1.4' ],
53 silly audit   'define-lazy-prop': [ '2.0.0' ],
53 silly audit   'define-properties': [ '1.2.1' ],
53 silly audit   del: [ '6.1.1' ],
53 silly audit   'delayed-stream': [ '1.0.0' ],
53 silly audit   denodeify: [ '1.2.1' ],
53 silly audit   depd: [ '2.0.0' ],
53 silly audit   'deprecated-react-native-prop-types': [ '5.0.0', '2.3.0' ],
53 silly audit   destroy: [ '1.2.0' ],
53 silly audit   'detect-libc': [ '1.0.3' ],
53 silly audit   'dir-glob': [ '3.0.1' ],
53 silly audit   domelementtype: [ '2.3.0' ],
53 silly audit   dotenv: [ '16.4.5' ],
53 silly audit   'dotenv-expand': [ '11.0.6' ],
53 silly audit   'ee-first': [ '1.1.1' ],
53 silly audit   'electron-to-chromium': [ '1.4.717' ],
53 silly audit   'eme-encryption-scheme-polyfill': [ '2.1.1' ],
53 silly audit   'emoji-regex': [ '8.0.0' ],
53 silly audit   encodeurl: [ '1.0.2' ],
53 silly audit   encoding: [ '0.1.13' ],
53 silly audit   'end-of-stream': [ '1.4.4' ],
53 silly audit   'env-editor': [ '0.4.2' ],
53 silly audit   envinfo: [ '7.11.1' ],
53 silly audit   eol: [ '0.9.1' ],
53 silly audit   'error-ex': [ '1.3.2' ],
53 silly audit   'error-stack-parser': [ '2.1.4' ],
53 silly audit   errorhandler: [ '1.5.1' ],
53 silly audit   'es-abstract': [ '1.23.3' ],
53 silly audit   'es-define-property': [ '1.0.0' ],
53 silly audit   'es-errors': [ '1.3.0' ],
53 silly audit   'es-object-atoms': [ '1.0.0' ],
53 silly audit   'es-set-tostringtag': [ '2.0.3' ],
53 silly audit   'es-to-primitive': [ '1.2.1' ],
53 silly audit   escalade: [ '3.1.2' ],
53 silly audit   'escape-html': [ '1.0.3' ],
53 silly audit   esprima: [ '4.0.1' ],
53 silly audit   esutils: [ '2.0.3' ],
53 silly audit   etag: [ '1.8.1' ],
53 silly audit   'event-target-shim': [ '5.0.1' ],
53 silly audit   'exec-async': [ '2.2.0' ],
53 silly audit   expo: [ '50.0.17' ],
53 silly audit   'expo-application': [ '5.8.3' ],
53 silly audit   'expo-asset': [ '9.0.2' ],
53 silly audit   'expo-av': [ '13.10.5' ],
53 silly audit   'expo-barcode-scanner': [ '12.9.3' ],
53 silly audit   'expo-camera': [ '14.1.3' ],
53 silly audit   'expo-constants': [ '15.4.5' ],
53 silly audit   'ua-parser-js': [ '0.7.37', '1.0.37' ],
53 silly audit   'expo-file-system': [ '16.0.9' ],
53 silly audit   'expo-font': [ '11.10.3' ],
53 silly audit   'expo-image-loader': [ '4.6.0' ],
53 silly audit   'expo-image-picker': [ '14.7.1' ],
53 silly audit   'expo-intent-launcher': [ '10.11.0' ],
53 silly audit   'expo-keep-awake': [ '12.8.2' ],
53 silly audit   'expo-linear-gradient': [ '12.7.2' ],
53 silly audit   'expo-media-library': [ '15.9.1' ],
53 silly audit   'expo-modules-autolinking': [ '1.10.3' ],
53 silly audit   'expo-modules-core': [ '1.11.13' ],
53 silly audit   'expo-notifications': [ '0.27.6' ],
53 silly audit   'expo-permissions': [ '14.4.0' ],
53 silly audit   'expo-status-bar': [ '1.11.1' ],
53 silly audit   'fast-deep-equal': [ '3.1.3' ],
53 silly audit   'fast-glob': [ '3.3.2' ],
53 silly audit   'fast-xml-parser': [ '4.3.6' ],
53 silly audit   fastq: [ '1.17.1' ],
53 silly audit   'faye-websocket': [ '0.11.4' ],
53 silly audit   'fb-watchman': [ '2.0.2' ],
53 silly audit   fbemitter: [ '3.0.0' ],
53 silly audit   fbjs: [ '3.0.5', '0.8.18' ],
53 silly audit   'fbjs-css-vars': [ '1.0.2' ],
53 silly audit   'fetch-retry': [ '4.1.1' ],
53 silly audit   'fill-range': [ '7.0.1' ],
53 silly audit   'filter-obj': [ '1.1.0' ],
53 silly audit   finalhandler: [ '1.1.2' ],
53 silly audit   'find-cache-dir': [ '2.1.0' ],
53 silly audit   'find-yarn-workspace-root': [ '2.0.0' ],
53 silly audit   firebase: [ '10.9.0' ],
53 silly audit   'flow-enums-runtime': [ '0.0.6' ],
53 silly audit   fontfaceobserver: [ '2.3.0' ],
53 silly audit   'for-each': [ '0.3.3' ],
53 silly audit   'form-data': [ '3.0.1' ],
53 silly audit   'freeport-async': [ '2.0.0' ],
53 silly audit   fresh: [ '0.5.2' ],
53 silly audit   'fs-minipass': [ '2.1.0' ],
53 silly audit   'fs.realpath': [ '1.0.0' ],
53 silly audit   fsevents: [ '2.3.3' ],
53 silly audit   'function-bind': [ '1.1.2' ],
53 silly audit   'function.prototype.name': [ '1.1.6' ],
53 silly audit   'functions-have-names': [ '1.2.3' ],
53 silly audit   gensync: [ '1.0.0-beta.2' ],
53 silly audit   'get-caller-file': [ '2.0.5' ],
53 silly audit   'get-intrinsic': [ '1.2.4' ],
53 silly audit   'get-port': [ '3.2.0' ],
53 silly audit   'get-symbol-description': [ '1.0.2' ],
53 silly audit   getenv: [ '1.0.0' ],
53 silly audit   'glob-parent': [ '5.1.2' ],
53 silly audit   globals: [ '11.12.0' ],
53 silly audit   globalthis: [ '1.0.3' ],
53 silly audit   globby: [ '11.1.0' ],
53 silly audit   gopd: [ '1.0.1' ],
53 silly audit   'graceful-fs': [ '4.2.11' ],
53 silly audit   graphql: [ '15.8.0' ],
53 silly audit   'graphql-tag': [ '2.12.6' ],
53 silly audit   'has-bigints': [ '1.0.2' ],
53 silly audit   'has-property-descriptors': [ '1.0.2' ],
53 silly audit   'has-proto': [ '1.0.3' ],
53 silly audit   'has-symbols': [ '1.0.3' ],
53 silly audit   'has-tostringtag': [ '1.0.2' ],
53 silly audit   hasown: [ '2.0.2' ],
53 silly audit   'hermes-profile-transformer': [ '0.0.6' ],
53 silly audit   'hoist-non-react-statics': [ '3.3.2' ],
53 silly audit   'hosted-git-info': [ '3.0.8' ],
53 silly audit   'html-parse-stringify': [ '3.0.1' ],
53 silly audit   htmlparser2: [ '7.2.0' ],
53 silly audit   'http-errors': [ '2.0.0' ],
53 silly audit   statuses: [ '2.0.1', '1.5.0' ],
53 silly audit   'http-parser-js': [ '0.5.8' ],
53 silly audit   'https-proxy-agent': [ '5.0.1' ],
53 silly audit   'human-signals': [ '2.1.0' ],
53 silly audit   i18next: [ '23.11.2' ],
53 silly audit   'i18next-browser-languagedetector': [ '7.2.1' ],
53 silly audit   'iconv-lite': [ '0.6.3' ],
53 silly audit   idb: [ '7.1.1' ],
53 silly audit   ieee754: [ '1.2.1' ],
53 silly audit   ignore: [ '5.3.1' ],
53 silly audit   'image-size': [ '1.1.1' ],
53 silly audit   'import-fresh': [ '2.0.0' ],
53 silly audit   'resolve-from': [ '3.0.0', '5.0.0' ],
53 silly audit   imurmurhash: [ '0.1.4' ],
53 silly audit   'indent-string': [ '4.0.0' ],
53 silly audit   'infer-owner': [ '1.0.4' ],
53 silly audit   inflight: [ '1.0.6' ],
53 silly audit   inherits: [ '2.0.4' ],
53 silly audit   ini: [ '1.3.8' ],
53 silly audit   'internal-ip': [ '4.3.0' ],
53 silly audit   'internal-slot': [ '1.0.7' ],
53 silly audit   'intl-pluralrules': [ '2.0.1' ],
53 silly audit   invariant: [ '2.2.4' ],
53 silly audit   'ip-regex': [ '2.1.0' ],
53 silly audit   'ipaddr.js': [ '1.9.1' ],
53 silly audit   'is-arguments': [ '1.1.1' ],
53 silly audit   'is-array-buffer': [ '3.0.4' ],
53 silly audit   'is-arrayish': [ '0.2.1', '0.3.2' ],
53 silly audit   'is-bigint': [ '1.0.4' ],
53 silly audit   'is-boolean-object': [ '1.1.2' ],
53 silly audit   'is-buffer': [ '1.1.6' ],
53 silly audit   'is-callable': [ '1.2.7' ],
53 silly audit   'is-core-module': [ '2.13.1' ],
53 silly audit   'is-data-view': [ '1.0.1' ],
53 silly audit   'is-date-object': [ '1.0.5' ],
53 silly audit   'is-directory': [ '0.3.1' ],
53 silly audit   'is-docker': [ '2.2.1' ],
53 silly audit   'is-extglob': [ '2.1.1', '1.0.0' ],
53 silly audit   'is-fullwidth-code-point': [ '2.0.0', '3.0.0' ],
53 silly audit   'is-generator-function': [ '1.0.10' ],
53 silly audit   'is-glob': [ '4.0.3', '2.0.1' ],
53 silly audit   'is-interactive': [ '1.0.0' ],
53 silly audit   'is-invalid-path': [ '0.1.0' ],
53 silly audit   'is-nan': [ '1.3.2' ],
53 silly audit   'is-negative-zero': [ '2.0.3' ],
53 silly audit   'is-number': [ '7.0.0' ],
53 silly audit   'is-number-object': [ '1.0.7' ],
53 silly audit   'is-path-cwd': [ '2.2.0' ],
53 silly audit   'is-path-inside': [ '3.0.3' ],
53 silly audit   'is-plain-object': [ '2.0.4' ],
53 silly audit   'is-regex': [ '1.1.4' ],
53 silly audit   'is-shared-array-buffer': [ '1.0.3' ],
53 silly audit   'is-string': [ '1.0.7' ],
53 silly audit   'is-symbol': [ '1.0.4' ],
53 silly audit   'is-typed-array': [ '1.1.13' ],
53 silly audit   'is-unicode-supported': [ '0.1.0' ],
53 silly audit   'is-valid-path': [ '0.1.1' ],
53 silly audit   'is-weakref': [ '1.0.2' ],
53 silly audit   isarray: [ '1.0.0', '2.0.5' ],
53 silly audit   isexe: [ '2.0.0' ],
53 silly audit   isobject: [ '3.0.1' ],
53 silly audit   'isomorphic-fetch': [ '2.2.1' ],
53 silly audit   'node-fetch': [ '1.7.3', '2.7.0' ],
53 silly audit   'jest-environment-node': [ '29.7.0' ],
53 silly audit   'jest-get-type': [ '29.6.3' ],
53 silly audit   'jest-message-util': [ '29.7.0' ],
53 silly audit   'pretty-format': [ '29.7.0', '26.6.2' ],
53 silly audit   'react-is': [ '18.2.0', '17.0.2', '16.13.1' ],
53 silly audit   'jest-mock': [ '29.7.0' ],
53 silly audit   'jest-util': [ '29.7.0' ],
53 silly audit   'jest-validate': [ '29.7.0' ],
53 silly audit   'jest-worker': [ '29.7.0' ],
53 silly audit   'jimp-compact': [ '0.16.1' ],
53 silly audit   joi: [ '17.12.2' ],
53 silly audit   'join-component': [ '1.1.0' ],
53 silly audit   'js-tokens': [ '4.0.0' ],
53 silly audit   'jsc-android': [ '250231.0.0' ],
53 silly audit   'jsc-safe-url': [ '0.2.4' ],
53 silly audit   jscodeshift: [ '0.14.0' ],
53 silly audit   jsesc: [ '2.5.2', '0.5.0' ],
53 silly audit   'json-parse-better-errors': [ '1.0.2' ],
53 silly audit   'json-schema-deref-sync': [ '0.13.0' ],
53 silly audit   md5: [ '2.2.1', '2.3.0' ],
53 silly audit   json5: [ '2.2.3' ],
53 silly audit   keymirror: [ '0.1.1' ],
53 silly audit   'kind-of': [ '6.0.3' ],
53 silly audit   kleur: [ '3.0.3' ],
53 silly audit   leven: [ '3.1.0' ],
53 silly audit   'lighthouse-logger': [ '1.4.2' ],
53 silly audit   lightningcss: [ '1.19.0' ],
53 silly audit   'lightningcss-darwin-arm64': [ '1.19.0' ],
53 silly audit   'lightningcss-darwin-x64': [ '1.19.0' ],
53 silly audit   'lightningcss-linux-arm-gnueabihf': [ '1.19.0' ],
53 silly audit   'lightningcss-linux-arm64-gnu': [ '1.19.0' ],
53 silly audit   'lightningcss-linux-arm64-musl': [ '1.19.0' ],
53 silly audit   'lightningcss-linux-x64-gnu': [ '1.19.0' ],
53 silly audit   'lightningcss-linux-x64-musl': [ '1.19.0' ],
53 silly audit   'lightningcss-win32-x64-msvc': [ '1.19.0' ],
53 silly audit   'lines-and-columns': [ '1.2.4' ],
53 silly audit   lodash: [ '4.17.21' ],
53 silly audit   'lodash.camelcase': [ '4.3.0' ],
53 silly audit   'lodash.debounce': [ '4.0.8' ],
53 silly audit   'lodash.throttle': [ '4.1.1' ],
53 silly audit   logkitty: [ '0.7.1' ],
53 silly audit   'wrap-ansi': [ '6.2.0', '7.0.0' ],
53 silly audit   y18n: [ '4.0.3', '5.0.8' ],
53 silly audit   yargs: [ '15.4.1', '17.7.2' ],
53 silly audit   'yargs-parser': [ '18.1.3', '21.1.1' ],
53 silly audit   long: [ '5.2.3' ],
53 silly audit   'loose-envify': [ '1.4.0' ],
53 silly audit   'make-dir': [ '2.1.0' ],
53 silly audit   makeerror: [ '1.0.12' ],
53 silly audit   marky: [ '1.2.5' ],
53 silly audit   'md5-file': [ '3.2.3' ],
53 silly audit   md5hex: [ '1.0.0' ],
53 silly audit   'memoize-one': [ '5.2.1' ],
53 silly audit   'memory-cache': [ '0.2.0' ],
53 silly audit   'merge-stream': [ '2.0.0' ],
53 silly audit   merge2: [ '1.4.1' ],
53 silly audit   metro: [ '0.80.8' ],
53 silly audit   'metro-babel-transformer': [ '0.80.8' ],
53 silly audit   'metro-cache': [ '0.80.8' ],
53 silly audit   'metro-cache-key': [ '0.80.8' ],
53 silly audit   'metro-config': [ '0.80.8' ],
53 silly audit   'metro-core': [ '0.80.8' ],
53 silly audit   'metro-file-map': [ '0.80.8' ],
53 silly audit   'metro-minify-terser': [ '0.80.8' ],
53 silly audit   'metro-resolver': [ '0.80.8' ],
53 silly audit   'metro-runtime': [ '0.80.8' ],
53 silly audit   'metro-source-map': [ '0.80.8' ],
53 silly audit   'source-map': [ '0.5.7', '0.6.1', '0.7.4' ],
53 silly audit   'metro-symbolicate': [ '0.80.8' ],
53 silly audit   'metro-transform-plugins': [ '0.80.8' ],
53 silly audit   'metro-transform-worker': [ '0.80.8' ],
53 silly audit   micromatch: [ '4.0.5' ],
53 silly audit   mime: [ '2.6.0', '1.6.0' ],
53 silly audit   'mime-db': [ '1.52.0' ],
53 silly audit   'mime-types': [ '2.1.35' ],
53 silly audit   minimatch: [ '3.1.2' ],
53 silly audit   minimist: [ '1.2.8' ],
53 silly audit   minipass: [ '3.3.6', '5.0.0' ],
53 silly audit   'minipass-collect': [ '1.0.2' ],
53 silly audit   'minipass-flush': [ '1.0.5' ],
53 silly audit   'minipass-pipeline': [ '1.2.4' ],
53 silly audit   minizlib: [ '2.1.2' ],
53 silly audit   mv: [ '2.1.1' ],
53 silly audit   mz: [ '2.7.0' ],
53 silly audit   nanoid: [ '3.3.7' ],
53 silly audit   ncp: [ '2.0.0' ],
53 silly audit   negotiator: [ '0.6.3' ],
53 silly audit   'neo-async': [ '2.6.2' ],
53 silly audit   'nested-error-stacks': [ '2.0.1' ],
53 silly audit   'nice-try': [ '1.0.5' ],
53 silly audit   nocache: [ '3.0.4' ],
53 silly audit   'node-abort-controller': [ '3.1.1' ],
53 silly audit   'node-dir': [ '0.1.17' ],
53 silly audit   'node-forge': [ '1.3.1' ],
53 silly audit   'node-int64': [ '0.4.0' ],
53 silly audit   'node-releases': [ '2.0.14' ],
53 silly audit   'node-stream-zip': [ '1.15.0' ],
53 silly audit   'normalize-path': [ '3.0.0' ],
53 silly audit   'npm-package-arg': [ '7.0.0' ],
53 silly audit   nullthrows: [ '1.1.1' ],
53 silly audit   ob1: [ '0.80.8' ],
53 silly audit   'object-assign': [ '4.1.1' ],
53 silly audit   'object-inspect': [ '1.13.1' ],
53 silly audit   'object-is': [ '1.1.6' ],
53 silly audit   'object-keys': [ '1.1.1' ],
53 silly audit   'object.assign': [ '4.1.5' ],
53 silly audit   'on-finished': [ '2.3.0', '2.4.1' ],
53 silly audit   'on-headers': [ '1.0.2' ],
53 silly audit   once: [ '1.4.0' ],
53 silly audit   'os-homedir': [ '1.0.2' ],
53 silly audit   'os-tmpdir': [ '1.0.2' ],
53 silly audit   osenv: [ '0.1.5' ],
53 silly audit   'p-finally': [ '1.0.0' ],
53 silly audit   'p-map': [ '4.0.0' ],
53 silly audit   'p-try': [ '2.2.0' ],
53 silly audit   'parse-json': [ '4.0.0' ],
53 silly audit   'parse-png': [ '2.1.0' ],
53 silly audit   parseurl: [ '1.3.3' ],
53 silly audit   'password-prompt': [ '1.1.3' ],
53 silly audit   'path-exists': [ '4.0.0', '3.0.0' ],
53 silly audit   'path-is-absolute': [ '1.0.1' ],
53 silly audit   'path-parse': [ '1.0.7' ],
53 silly audit   'path-type': [ '4.0.0' ],
53 silly audit   picocolors: [ '1.0.0' ],
53 silly audit   pify: [ '4.0.1' ],
53 silly audit   pirates: [ '4.0.6' ],
53 silly audit   'pkg-dir': [ '3.0.0' ],
53 silly audit   plist: [ '3.1.0' ],
53 silly audit   xmlbuilder: [ '15.1.1', '11.0.1', '14.0.0' ],
53 silly audit   pngjs: [ '3.4.0' ],
53 silly audit   'possible-typed-array-names': [ '1.0.0' ],
53 silly audit   postcss: [ '8.4.38' ],
53 silly audit   'postcss-value-parser': [ '4.2.0' ],
53 silly audit   'pretty-bytes': [ '5.6.0' ],
53 silly audit   'process-nextick-args': [ '2.0.1' ],
53 silly audit   progress: [ '2.0.3' ],
53 silly audit   promise: [ '7.3.1', '8.3.0' ],
53 silly audit   'promise-inflight': [ '1.0.1' ],
53 silly audit   prompts: [ '2.4.2' ],
53 silly audit   'prop-types': [ '15.8.1', '15.5.10' ],
53 silly audit   protobufjs: [ '7.2.6' ],
53 silly audit   pump: [ '3.0.0' ],
53 silly audit   punycode: [ '2.3.1' ],
53 silly audit   'qrcode-terminal': [ '0.11.0' ],
53 silly audit   'query-string': [ '7.1.3' ],
53 silly audit   queue: [ '6.0.2' ],
53 silly audit   'queue-microtask': [ '1.2.3' ],
53 silly audit   'range-parser': [ '1.2.1' ],
53 silly audit   rc: [ '1.2.8' ],
53 silly audit   react: [ '18.2.0' ],
53 silly audit   'react-addons-shallow-compare': [ '15.6.2' ],
53 silly audit   'react-devtools-core': [ '4.28.5' ],
53 silly audit   'react-error-boundary': [ '4.0.13' ],
53 silly audit   'react-freeze': [ '1.0.4' ],
53 silly audit   'react-i18next': [ '14.1.0' ],
53 silly audit   'react-native': [ '0.73.6' ],
53 silly audit   'react-native-circular-progress': [ '1.3.9' ],
53 silly audit   'react-native-deck-swiper': [ '2.0.17' ],
53 silly audit   'react-native-gesture-handler': [ '2.14.1' ],
53 silly audit   'react-native-paper': [ '5.12.3' ],
53 silly audit   'react-native-progress': [ '5.0.1' ],
53 silly audit   'react-native-push-notification': [ '8.1.1' ],
53 silly audit   'react-native-reanimated': [ '3.6.3' ],
53 silly audit   'react-native-render-html': [ '6.3.4' ],
53 silly audit   'react-native-safe-area-context': [ '4.8.2' ],
53 silly audit   'react-native-screens': [ '3.29.0' ],
53 silly audit   'react-native-share': [ '8.2.2' ],
53 silly audit   'react-native-snap-carousel': [ '4.0.0-beta.6' ],
53 silly audit   'react-native-sound': [ '0.11.2' ],
53 silly audit   'react-native-status-bar-height': [ '2.6.0' ],
53 silly audit   'react-native-swiper': [ '1.6.0' ],
53 silly audit   'react-native-table-component': [ '1.2.2' ],
53 silly audit   'react-native-video': [ '5.2.1' ],
53 silly audit   'react-native-webview': [ '13.6.4' ],
53 silly audit   'react-native-youtube': [ '2.0.2' ],
53 silly audit   'regenerator-runtime': [ '0.13.11', '0.14.1' ],
53 silly audit   'react-refresh': [ '0.14.0' ],
53 silly audit   'react-shallow-renderer': [ '16.15.0' ],
53 silly audit   readline: [ '1.3.0' ],
53 silly audit   recast: [ '0.21.5' ],
53 silly audit   regenerate: [ '1.4.2' ],
53 silly audit   'regenerate-unicode-properties': [ '10.1.1' ],
53 silly audit   'regenerator-transform': [ '0.15.2' ],
53 silly audit   'regexp.prototype.flags': [ '1.5.2' ],
53 silly audit   'regexpu-core': [ '5.3.2' ],
53 silly audit   regjsparser: [ '0.9.1' ],
53 silly audit   'remove-trailing-slash': [ '0.1.1' ],
53 silly audit   'require-directory': [ '2.1.1' ],
53 silly audit   'require-from-string': [ '2.0.2' ],
53 silly audit   'require-main-filename': [ '2.0.0' ],
53 silly audit   requireg: [ '0.2.2' ],
53 silly audit   resolve: [ '1.7.1', '1.22.8' ],
53 silly audit   'resolve.exports': [ '2.0.2' ],
53 silly audit   reusify: [ '1.0.4' ],
53 silly audit   'rn-fetch-blob': [ '0.12.0' ],
53 silly audit   'run-parallel': [ '1.2.0' ],
53 silly audit   'safe-array-concat': [ '1.1.2' ],
53 silly audit   'safe-buffer': [ '5.1.2' ],
53 silly audit   'safe-json-stringify': [ '1.2.0' ],
53 silly audit   'safe-regex-test': [ '1.0.3' ],
53 silly audit   'safer-buffer': [ '2.1.2' ],
53 silly audit   sax: [ '1.3.0' ],
53 silly audit   scheduler: [ '0.24.0-canary-efb381bbf-20230505' ],
53 silly audit   send: [ '0.18.0' ],
53 silly audit   'serialize-error': [ '2.1.0' ],
53 silly audit   'serve-static': [ '1.15.0' ],
53 silly audit   'set-blocking': [ '2.0.0' ],
53 silly audit   'set-function-length': [ '1.2.2' ],
53 silly audit   'set-function-name': [ '2.0.2' ],
53 silly audit   setimmediate: [ '1.0.5' ],
53 silly audit   setprototypeof: [ '1.2.0' ],
53 silly audit   'shaka-player': [ '2.5.23' ],
53 silly audit   'shallow-clone': [ '3.0.1' ],
53 silly audit   'shell-quote': [ '1.8.1' ],
53 silly audit   'side-channel': [ '1.0.6' ],
53 silly audit   'signal-exit': [ '3.0.7' ],
53 silly audit   'simple-plist': [ '1.3.1' ],
53 silly audit   'simple-swizzle': [ '0.2.2' ],
53 silly audit   sisteransi: [ '1.0.5' ],
53 silly audit   slash: [ '3.0.0' ],
53 silly audit   'slice-ansi': [ '2.1.0' ],
53 silly audit   slugify: [ '1.6.6' ],
53 silly audit   'source-map-js': [ '1.2.0' ],
53 silly audit   'source-map-support': [ '0.5.21' ],
53 silly audit   split: [ '1.0.1' ],
53 silly audit   'split-on-first': [ '1.1.0' ],
53 silly audit   'sprintf-js': [ '1.0.3' ],
53 silly audit   ssri: [ '8.0.1' ],
53 silly audit   'stack-utils': [ '2.0.6' ],
53 silly audit   stackframe: [ '1.3.4' ],
53 silly audit   'stacktrace-parser': [ '0.1.10' ],
53 silly audit   'stream-buffers': [ '2.2.0' ],
53 silly audit   'strict-uri-encode': [ '2.0.0' ],
53 silly audit   string_decoder: [ '1.1.1' ],
53 silly audit   'string-width': [ '4.2.3' ],
53 silly audit   'string.prototype.trim': [ '1.2.9' ],
53 silly audit   'string.prototype.trimend': [ '1.0.8' ],
53 silly audit   'string.prototype.trimstart': [ '1.0.8' ],
53 silly audit   'stringify-entities': [ '3.1.0' ],
53 silly audit   'strip-eof': [ '1.0.0' ],
53 silly audit   'strip-final-newline': [ '2.0.0' ],
53 silly audit   'strip-json-comments': [ '2.0.1' ],
53 silly audit   strnum: [ '1.0.5' ],
53 silly audit   'structured-headers': [ '0.4.1' ],
53 silly audit   sucrase: [ '3.34.0' ],
53 silly audit   'supports-hyperlinks': [ '2.3.0' ],
53 silly audit   'supports-preserve-symlinks-flag': [ '1.0.0' ],
53 silly audit   swiper: [ '11.0.7' ],
53 silly audit   tar: [ '6.2.1' ],
53 silly audit   temp: [ '0.8.4' ],
53 silly audit   'terminal-link': [ '2.1.1' ],
53 silly audit   terser: [ '5.30.1' ],
53 silly audit   'text-table': [ '0.2.0' ],
53 silly audit   thenify: [ '3.3.1' ],
53 silly audit   'thenify-all': [ '1.6.0' ],
53 silly audit   throat: [ '5.0.0' ],
53 silly audit   through: [ '2.3.8' ],
53 silly audit   through2: [ '2.0.5' ],
53 silly audit   tmp: [ '0.0.33' ],
53 silly audit   tmpl: [ '1.0.5' ],
53 silly audit   'to-fast-properties': [ '2.0.0' ],
53 silly audit   'to-regex-range': [ '5.0.1' ],
53 silly audit   toidentifier: [ '1.0.1' ],
53 silly audit   tr46: [ '0.0.3' ],
53 silly audit   traverse: [ '0.6.9' ],
53 silly audit   'ts-interface-checker': [ '0.1.13' ],
53 silly audit   'ts-toolbelt': [ '6.15.5' ],
53 silly audit   tslib: [ '2.6.2' ],
53 silly audit   'type-detect': [ '4.0.8' ],
53 silly audit   'typed-array-buffer': [ '1.0.2' ],
53 silly audit   'typed-array-byte-length': [ '1.0.1' ],
53 silly audit   'typed-array-byte-offset': [ '1.0.2' ],
53 silly audit   'typed-array-length': [ '1.0.6' ],
53 silly audit   'typedarray.prototype.slice': [ '1.0.3' ],
53 silly audit   'unbox-primitive': [ '1.0.2' ],
53 silly audit   undici: [ '5.28.3' ],
53 silly audit   'undici-types': [ '5.26.5' ],
53 silly audit   'unicode-canonical-property-names-ecmascript': [ '2.0.0' ],
53 silly audit   'unicode-match-property-ecmascript': [ '2.0.0' ],
53 silly audit   'unicode-match-property-value-ecmascript': [ '2.1.0' ],
53 silly audit   'unicode-property-aliases-ecmascript': [ '2.1.0' ],
53 silly audit   'unique-filename': [ '1.1.1' ],
53 silly audit   'unique-slug': [ '2.0.2' ],
53 silly audit   unpipe: [ '1.0.0' ],
53 silly audit   'update-browserslist-db': [ '1.0.13' ],
53 silly audit   urijs: [ '1.19.11' ],
53 silly audit   'url-join': [ '4.0.0' ],
53 silly audit   'use-latest-callback': [ '0.1.9' ],
53 silly audit   util: [ '0.12.5' ],
53 silly audit   'util-deprecate': [ '1.0.2' ],
53 silly audit   'utils-merge': [ '1.0.1' ],
53 silly audit   uuid: [ '8.3.2', '7.0.3' ],
53 silly audit   'valid-url': [ '1.0.9' ],
53 silly audit   'validate-npm-package-name': [ '3.0.0' ],
53 silly audit   vary: [ '1.1.2' ],
53 silly audit   vlq: [ '1.0.1' ],
53 silly audit   'void-elements': [ '3.1.0' ],
53 silly audit   walker: [ '1.0.8' ],
53 silly audit   'warn-once': [ '0.1.1' ],
53 silly audit   wcwidth: [ '1.0.1' ],
53 silly audit   'webidl-conversions': [ '3.0.1', '5.0.0' ],
53 silly audit   'websocket-driver': [ '0.7.4' ],
53 silly audit   'websocket-extensions': [ '0.1.4' ],
53 silly audit   'whatwg-fetch': [ '3.6.20' ],
53 silly audit   'whatwg-url': [ '5.0.0' ],
53 silly audit   'whatwg-url-without-unicode': [ '8.0.0-3' ],
53 silly audit   'which-boxed-primitive': [ '1.0.2' ],
53 silly audit   'which-module': [ '2.0.1' ],
53 silly audit   'which-typed-array': [ '1.1.15' ],
53 silly audit   wonka: [ '4.0.15' ],
53 silly audit   wrappy: [ '1.0.2' ],
53 silly audit   'write-file-atomic': [ '2.4.3' ],
53 silly audit   xcode: [ '3.0.1' ],
53 silly audit   xml2js: [ '0.6.0' ],
53 silly audit   xtend: [ '4.0.2' ],
53 silly audit   yaml: [ '2.4.1' ],
53 silly audit   'yocto-queue': [ '0.1.0' ],
53 silly audit   'expo-device': [ '5.9.4' ]
53 silly audit }
54 verbose reify failed optional dependency C:\CBS\ConnectCBS\node_modules\lightningcss-linux-x64-musl
55 silly reify mark deleted [ 'C:\\CBS\\ConnectCBS\\node_modules\\lightningcss-linux-x64-musl' ]
56 verbose reify failed optional dependency C:\CBS\ConnectCBS\node_modules\lightningcss-linux-x64-gnu
57 silly reify mark deleted [ 'C:\\CBS\\ConnectCBS\\node_modules\\lightningcss-linux-x64-gnu' ]
58 verbose reify failed optional dependency C:\CBS\ConnectCBS\node_modules\lightningcss-linux-arm64-musl
59 silly reify mark deleted [ 'C:\\CBS\\ConnectCBS\\node_modules\\lightningcss-linux-arm64-musl' ]
60 verbose reify failed optional dependency C:\CBS\ConnectCBS\node_modules\lightningcss-linux-arm64-gnu
61 silly reify mark deleted [ 'C:\\CBS\\ConnectCBS\\node_modules\\lightningcss-linux-arm64-gnu' ]
62 verbose reify failed optional dependency C:\CBS\ConnectCBS\node_modules\lightningcss-linux-arm-gnueabihf
63 silly reify mark deleted [
63 silly reify   'C:\\CBS\\ConnectCBS\\node_modules\\lightningcss-linux-arm-gnueabihf'
63 silly reify ]
64 verbose reify failed optional dependency C:\CBS\ConnectCBS\node_modules\lightningcss-darwin-x64
65 silly reify mark deleted [ 'C:\\CBS\\ConnectCBS\\node_modules\\lightningcss-darwin-x64' ]
66 verbose reify failed optional dependency C:\CBS\ConnectCBS\node_modules\lightningcss-darwin-arm64
67 silly reify mark deleted [ 'C:\\CBS\\ConnectCBS\\node_modules\\lightningcss-darwin-arm64' ]
68 verbose reify failed optional dependency C:\CBS\ConnectCBS\node_modules\fsevents
69 silly reify mark deleted [ 'C:\\CBS\\ConnectCBS\\node_modules\\fsevents' ]
70 timing reifyNode:node_modules/lightningcss-linux-x64-musl Completed in 6ms
71 timing reifyNode:node_modules/lightningcss-linux-x64-gnu Completed in 5ms
72 timing reifyNode:node_modules/lightningcss-linux-arm64-musl Completed in 5ms
73 timing reifyNode:node_modules/lightningcss-linux-arm64-gnu Completed in 5ms
74 timing reifyNode:node_modules/lightningcss-linux-arm-gnueabihf Completed in 5ms
75 timing reifyNode:node_modules/lightningcss-darwin-x64 Completed in 5ms
76 timing reifyNode:node_modules/lightningcss-darwin-arm64 Completed in 4ms
77 timing reifyNode:node_modules/fsevents Completed in 4ms
78 silly tarball no local data for expo-device@https://registry.npmjs.org/expo-device/-/expo-device-5.9.4.tgz. Extracting by manifest.
79 http fetch GET 200 https://registry.npmjs.org/expo-device/-/expo-device-5.9.4.tgz 125ms (cache miss)
80 timing reifyNode:node_modules/expo-device Completed in 135ms
81 timing reify:unpack Completed in 138ms
82 timing reify:unretire Completed in 21ms
83 timing build:queue Completed in 1ms
84 timing build:deps Completed in 1ms
85 timing build Completed in 1ms
86 timing reify:build Completed in 2ms
87 timing reify:trash Completed in 9ms
88 http fetch POST 200 https://registry.npmjs.org/-/npm/v1/security/advisories/bulk 627ms
89 timing auditReport:getReport Completed in 638ms
90 silly audit report {
90 silly audit report   semver: [
90 silly audit report     {
90 silly audit report       id: 1096482,
90 silly audit report       url: 'https://github.com/advisories/GHSA-c2qf-rxjj-qqgw',
90 silly audit report       title: 'semver vulnerable to Regular Expression Denial of Service',
90 silly audit report       severity: 'moderate',
90 silly audit report       vulnerable_versions: '>=7.0.0 <7.5.2',
90 silly audit report       cwe: [Array],
90 silly audit report       cvss: [Object]
90 silly audit report     }
90 silly audit report   ],
90 silly audit report   'node-fetch': [
90 silly audit report     {
90 silly audit report       id: 1095073,
90 silly audit report       url: 'https://github.com/advisories/GHSA-r683-j2x4-v87g',
90 silly audit report       title: 'node-fetch forwards secure headers to untrusted sites',
90 silly audit report       severity: 'high',
90 silly audit report       vulnerable_versions: '<2.6.7',
90 silly audit report       cwe: [Array],
90 silly audit report       cvss: [Object]
90 silly audit report     },
90 silly audit report     {
90 silly audit report       id: 1091791,
90 silly audit report       url: 'https://github.com/advisories/GHSA-w7rc-rwvf-8q5r',
90 silly audit report       title: "The `size` option isn't honored after following a redirect in node-fetch",
90 silly audit report       severity: 'low',
90 silly audit report       vulnerable_versions: '<2.6.1',
90 silly audit report       cwe: [Array],
90 silly audit report       cvss: [Object]
90 silly audit report     }
90 silly audit report   ],
90 silly audit report   undici: [
90 silly audit report     {
90 silly audit report       id: 1096969,
90 silly audit report       url: 'https://github.com/advisories/GHSA-9qxr-qj54-h672',
90 silly audit report       title: "Undici's fetch with integrity option is too lax when algorithm is specified but hash value is in incorrect",
90 silly audit report       severity: 'low',
90 silly audit report       vulnerable_versions: '<5.28.4',
90 silly audit report       cwe: [Array],
90 silly audit report       cvss: [Object]
90 silly audit report     },
90 silly audit report     {
90 silly audit report       id: 1096891,
90 silly audit report       url: 'https://github.com/advisories/GHSA-m4v8-wqvr-p9f7',
90 silly audit report       title: "Undici's Proxy-Authorization header not cleared on cross-origin redirect for dispatch, request, stream, pipeline",
90 silly audit report       severity: 'low',
90 silly audit report       vulnerable_versions: '<5.28.4',
90 silly audit report       cwe: [Array],
90 silly audit report       cvss: [Object]
90 silly audit report     }
90 silly audit report   ]
90 silly audit report }
91 timing reify:save Completed in 462ms
92 timing metavuln:cache:get:security-advisory:node-fetch:Wb+t4nAQ2QbaIBANpGyR0NxscSBZkieQWww78xJqkUCEc1IjJximva83HGHVo/GYYeWrc8xY5cA+dCV5VX2QDA== Completed in 283ms
93 timing metavuln:cache:get:security-advisory:node-fetch:3AIKyyHwL3WdZ0LMb5NUD5SCihf0mRhTEKIho/8f4pBEsprUMoTOKSP6EI0odg05cLGa1OfGn7gnVBE2VYFbPw== Completed in 283ms
94 timing metavuln:cache:get:security-advisory:semver:g1vJG11wXBTamuqcp6anLd2yC0AnCjlhaLFglyJx4rEfKLK+YF116HpQw1CsB0bwCPUkxcSemSBkmLIdEXe6xw== Completed in 284ms
95 timing metavuln:cache:get:security-advisory:undici:FOaX+CC7JJq5kPRur2FE4GEV4FHb8i74FTDYLtGZZBT8sN6lIqZGqMNhkUs35xOhYmIVH2YsFHz+4jlvtTCz0A== Completed in 282ms
96 timing metavuln:cache:get:security-advisory:undici:p6KEnAzSYgRrC9Y0px7pDYb8zKV/oLwIhIV70U1NXxORiMajuSQJhOOnkzJXSK/v66KvW8DrO+XCuv9BItEa8A== Completed in 283ms
97 http fetch GET 200 https://registry.npmjs.org/undici 292ms (cache hit)
98 timing metavuln:packument:undici Completed in 294ms
99 timing metavuln:load:security-advisory:undici:1096969 Completed in 1ms
100 timing metavuln:calculate:security-advisory:undici:1096969 Completed in 296ms
101 timing metavuln:load:security-advisory:undici:1096891 Completed in 1ms
102 timing metavuln:calculate:security-advisory:undici:1096891 Completed in 296ms
103 http fetch GET 200 https://registry.npmjs.org/node-fetch 297ms (cache hit)
104 timing metavuln:packument:node-fetch Completed in 299ms
105 timing metavuln:load:security-advisory:node-fetch:1095073 Completed in 0ms
106 timing metavuln:calculate:security-advisory:node-fetch:1095073 Completed in 299ms
107 timing metavuln:load:security-advisory:node-fetch:1091791 Completed in 1ms
108 timing metavuln:calculate:security-advisory:node-fetch:1091791 Completed in 300ms
109 http fetch GET 200 https://registry.npmjs.org/semver 301ms (cache hit)
110 timing metavuln:packument:semver Completed in 302ms
111 timing metavuln:load:security-advisory:semver:1096482 Completed in 0ms
112 timing metavuln:calculate:security-advisory:semver:1096482 Completed in 303ms
113 timing metavuln:cache:get:security-advisory:@expo/image-utils:eoVUQcxGyt4DnmIDOkeJMJFW7OIuBBbbWlc6nhbYUGebvYuMcDCvaXhWkptG8Bp0Yf+sCMLBvFION1yoxeILSw== Completed in 2ms
114 http fetch GET 200 https://registry.npmjs.org/@expo%2fimage-utils 5ms (cache hit)
115 timing metavuln:packument:@expo/image-utils Completed in 6ms
116 timing metavuln:load:security-advisory:@expo/image-utils:g1vJG11wXBTamuqcp6anLd2yC0AnCjlhaLFglyJx4rEfKLK+YF116HpQw1CsB0bwCPUkxcSemSBkmLIdEXe6xw== Completed in 0ms
117 timing metavuln:calculate:security-advisory:@expo/image-utils:g1vJG11wXBTamuqcp6anLd2yC0AnCjlhaLFglyJx4rEfKLK+YF116HpQw1CsB0bwCPUkxcSemSBkmLIdEXe6xw== Completed in 7ms
118 timing metavuln:cache:get:security-advisory:isomorphic-fetch:zM8SnVBE6Erpxehi2a4jW3g9S5MxV2lQyojNWYBTawx5q9dcyU33lf555QoGpbMytKRgmES/z1tgj9+kkapaaQ== Completed in 2ms
119 http fetch GET 200 https://registry.npmjs.org/isomorphic-fetch 5ms (cache hit)
120 timing metavuln:packument:isomorphic-fetch Completed in 6ms
121 timing metavuln:load:security-advisory:isomorphic-fetch:Wb+t4nAQ2QbaIBANpGyR0NxscSBZkieQWww78xJqkUCEc1IjJximva83HGHVo/GYYeWrc8xY5cA+dCV5VX2QDA== Completed in 0ms
122 timing metavuln:calculate:security-advisory:isomorphic-fetch:Wb+t4nAQ2QbaIBANpGyR0NxscSBZkieQWww78xJqkUCEc1IjJximva83HGHVo/GYYeWrc8xY5cA+dCV5VX2QDA== Completed in 7ms
123 timing metavuln:cache:get:security-advisory:@firebase/auth-compat:tu2X13+dD4w96ifudMD+mbe8G1HYic8+F/V8Za5tvaqcs7HHe+cucjNC+H1dO4iEeWggOp5Chukc9sCxe+CMEg== Completed in 4ms
124 timing metavuln:cache:get:security-advisory:@firebase/firestore:DuZdPSGUZvoftwJZN6uB0/3/+LGm0p98wRfP7oXhakt+wC0kenyZj0nwncg+FOkW/BEmLUxGUnF2ugmjusXsAA== Completed in 5ms
125 timing metavuln:cache:get:security-advisory:@firebase/auth:zZdkoW9vG/s07PhMiv4IdtBGtNS7bs5uYCobLZivZoXtg8XxIOfzwWWIpsjH4iJhd7yTqJPcnqnn2B7HsK0GmA== Completed in 7ms
126 timing metavuln:cache:get:security-advisory:@firebase/functions:7PT3z23EOui4WgQNnZ9FT+v/Xpmu9fOnRTqRzQmkVibzx4ovlPtu9KosN3Fd0HeN2Ut/VPG1HVqbfN1uvPxL6g== Completed in 5ms
127 timing metavuln:cache:get:security-advisory:@firebase/storage:UOlbyk6IwZTOudrk1Rnyrd8CWtzFpZbdHTlpwrZLpwJnR6dXoCJpi5om7eox3KuCk4ipXhLI3CZmVUB/fglWkQ== Completed in 6ms
128 http fetch GET 200 https://registry.npmjs.org/@firebase%2fauth-compat 17ms (cache hit)
129 timing metavuln:packument:@firebase/auth-compat Completed in 23ms
130 timing metavuln:load:security-advisory:@firebase/auth-compat:FOaX+CC7JJq5kPRur2FE4GEV4FHb8i74FTDYLtGZZBT8sN6lIqZGqMNhkUs35xOhYmIVH2YsFHz+4jlvtTCz0A== Completed in 7ms
131 timing metavuln:calculate:security-advisory:@firebase/auth-compat:FOaX+CC7JJq5kPRur2FE4GEV4FHb8i74FTDYLtGZZBT8sN6lIqZGqMNhkUs35xOhYmIVH2YsFHz+4jlvtTCz0A== Completed in 31ms
132 http fetch GET 200 https://registry.npmjs.org/@firebase%2fauth 41ms (cache hit)
133 timing metavuln:packument:@firebase/auth Completed in 64ms
134 timing metavuln:load:security-advisory:@firebase/auth:FOaX+CC7JJq5kPRur2FE4GEV4FHb8i74FTDYLtGZZBT8sN6lIqZGqMNhkUs35xOhYmIVH2YsFHz+4jlvtTCz0A== Completed in 29ms
135 timing metavuln:calculate:security-advisory:@firebase/auth:FOaX+CC7JJq5kPRur2FE4GEV4FHb8i74FTDYLtGZZBT8sN6lIqZGqMNhkUs35xOhYmIVH2YsFHz+4jlvtTCz0A== Completed in 93ms
136 http fetch GET 200 https://registry.npmjs.org/@firebase%2ffunctions 100ms (cache hit)
137 timing metavuln:packument:@firebase/functions Completed in 121ms
138 timing metavuln:load:security-advisory:@firebase/functions:FOaX+CC7JJq5kPRur2FE4GEV4FHb8i74FTDYLtGZZBT8sN6lIqZGqMNhkUs35xOhYmIVH2YsFHz+4jlvtTCz0A== Completed in 28ms
139 timing metavuln:calculate:security-advisory:@firebase/functions:FOaX+CC7JJq5kPRur2FE4GEV4FHb8i74FTDYLtGZZBT8sN6lIqZGqMNhkUs35xOhYmIVH2YsFHz+4jlvtTCz0A== Completed in 149ms
140 http fetch GET 200 https://registry.npmjs.org/@firebase%2ffirestore 162ms (cache hit)
141 timing metavuln:packument:@firebase/firestore Completed in 194ms
142 timing metavuln:load:security-advisory:@firebase/firestore:FOaX+CC7JJq5kPRur2FE4GEV4FHb8i74FTDYLtGZZBT8sN6lIqZGqMNhkUs35xOhYmIVH2YsFHz+4jlvtTCz0A== Completed in 30ms
143 timing metavuln:calculate:security-advisory:@firebase/firestore:FOaX+CC7JJq5kPRur2FE4GEV4FHb8i74FTDYLtGZZBT8sN6lIqZGqMNhkUs35xOhYmIVH2YsFHz+4jlvtTCz0A== Completed in 225ms
144 http fetch GET 200 https://registry.npmjs.org/@firebase%2fstorage 242ms (cache hit)
145 timing metavuln:packument:@firebase/storage Completed in 269ms
146 timing metavuln:load:security-advisory:@firebase/storage:FOaX+CC7JJq5kPRur2FE4GEV4FHb8i74FTDYLtGZZBT8sN6lIqZGqMNhkUs35xOhYmIVH2YsFHz+4jlvtTCz0A== Completed in 34ms
147 timing metavuln:calculate:security-advisory:@firebase/storage:FOaX+CC7JJq5kPRur2FE4GEV4FHb8i74FTDYLtGZZBT8sN6lIqZGqMNhkUs35xOhYmIVH2YsFHz+4jlvtTCz0A== Completed in 303ms
148 timing metavuln:cache:get:security-advisory:@expo/prebuild-config:nokJl6KKW0rH4U6jZNZ5R4dXvDzGIYeHAVqP0do0qV2CSgqH36g/NMsU2BhlJF7EeHoTemct/W5VGg3twwIb0A== Completed in 5ms
149 timing metavuln:cache:get:security-advisory:@expo/cli:GOYM+dyl9qlACgf83PxsYh0af+fG8C2OcFOv8uiWKsKm6e3/MmNtG38XmZWwEd6IGJr03u7c0ULrITp6+tiJbQ== Completed in 6ms
150 timing metavuln:cache:get:security-advisory:expo-notifications:mtlZz++cxRsQIMtaJ4cTMHOuF+S5YmJP2+QRDLL7NzScUPfx0yg1t6uUqMYToQS9sf7/CVZPHd2d4vvY71K/GA== Completed in 4ms
151 http fetch GET 200 https://registry.npmjs.org/expo-notifications 9ms (cache hit)
152 timing metavuln:packument:expo-notifications Completed in 10ms
153 timing metavuln:load:security-advisory:expo-notifications:eoVUQcxGyt4DnmIDOkeJMJFW7OIuBBbbWlc6nhbYUGebvYuMcDCvaXhWkptG8Bp0Yf+sCMLBvFION1yoxeILSw== Completed in 0ms
154 timing metavuln:calculate:security-advisory:expo-notifications:eoVUQcxGyt4DnmIDOkeJMJFW7OIuBBbbWlc6nhbYUGebvYuMcDCvaXhWkptG8Bp0Yf+sCMLBvFION1yoxeILSw== Completed in 10ms
155 http fetch GET 200 https://registry.npmjs.org/@expo%2fprebuild-config 11ms (cache hit)
156 timing metavuln:packument:@expo/prebuild-config Completed in 13ms
157 timing metavuln:load:security-advisory:@expo/prebuild-config:eoVUQcxGyt4DnmIDOkeJMJFW7OIuBBbbWlc6nhbYUGebvYuMcDCvaXhWkptG8Bp0Yf+sCMLBvFION1yoxeILSw== Completed in 0ms
158 timing metavuln:calculate:security-advisory:@expo/prebuild-config:eoVUQcxGyt4DnmIDOkeJMJFW7OIuBBbbWlc6nhbYUGebvYuMcDCvaXhWkptG8Bp0Yf+sCMLBvFION1yoxeILSw== Completed in 13ms
159 http fetch GET 200 https://registry.npmjs.org/@expo%2fcli 14ms (cache hit)
160 timing metavuln:packument:@expo/cli Completed in 18ms
161 timing metavuln:load:security-advisory:@expo/cli:eoVUQcxGyt4DnmIDOkeJMJFW7OIuBBbbWlc6nhbYUGebvYuMcDCvaXhWkptG8Bp0Yf+sCMLBvFION1yoxeILSw== Completed in 0ms
162 timing metavuln:calculate:security-advisory:@expo/cli:eoVUQcxGyt4DnmIDOkeJMJFW7OIuBBbbWlc6nhbYUGebvYuMcDCvaXhWkptG8Bp0Yf+sCMLBvFION1yoxeILSw== Completed in 19ms
163 timing metavuln:cache:get:security-advisory:fbjs:YbacKfG9yQi0MgwYTJFObMb+AxrhG3Ii4SCRRm7rdN+d3jZkpYSolFiHrg47IyZI20my1sfroLnEvdfl8q5HCw== Completed in 2ms
164 http fetch GET 200 https://registry.npmjs.org/fbjs 5ms (cache hit)
165 timing metavuln:packument:fbjs Completed in 6ms
166 timing metavuln:load:security-advisory:fbjs:zM8SnVBE6Erpxehi2a4jW3g9S5MxV2lQyojNWYBTawx5q9dcyU33lf555QoGpbMytKRgmES/z1tgj9+kkapaaQ== Completed in 1ms
167 timing metavuln:calculate:security-advisory:fbjs:zM8SnVBE6Erpxehi2a4jW3g9S5MxV2lQyojNWYBTawx5q9dcyU33lf555QoGpbMytKRgmES/z1tgj9+kkapaaQ== Completed in 7ms
168 timing metavuln:cache:get:security-advisory:firebase:Juxo3Fpaiy9yVx+/5yhTCsyuvPtdpjwYtB8EBjBOfeZRVJO+Dp0qFeBHRIdOw1IDAPakxhL399k0SY+6d+SZhQ== Completed in 2ms
169 http fetch GET 200 https://registry.npmjs.org/firebase 22ms (cache hit)
170 timing metavuln:packument:firebase Completed in 50ms
171 timing metavuln:load:security-advisory:firebase:tu2X13+dD4w96ifudMD+mbe8G1HYic8+F/V8Za5tvaqcs7HHe+cucjNC+H1dO4iEeWggOp5Chukc9sCxe+CMEg== Completed in 32ms
172 timing metavuln:calculate:security-advisory:firebase:tu2X13+dD4w96ifudMD+mbe8G1HYic8+F/V8Za5tvaqcs7HHe+cucjNC+H1dO4iEeWggOp5Chukc9sCxe+CMEg== Completed in 82ms
173 timing metavuln:cache:get:security-advisory:@firebase/auth-compat:5qKlYhlWoOk/ncKbLEFxYdEdijxFCBWcUqJvFTTAAMA7rRckqeA/j3iS6HmNFBgAErbNmk5fZFFWQCzsZxG/sw== Completed in 7ms
174 timing metavuln:load:security-advisory:@firebase/auth-compat:zZdkoW9vG/s07PhMiv4IdtBGtNS7bs5uYCobLZivZoXtg8XxIOfzwWWIpsjH4iJhd7yTqJPcnqnn2B7HsK0GmA== Completed in 4ms
175 timing metavuln:calculate:security-advisory:@firebase/auth-compat:zZdkoW9vG/s07PhMiv4IdtBGtNS7bs5uYCobLZivZoXtg8XxIOfzwWWIpsjH4iJhd7yTqJPcnqnn2B7HsK0GmA== Completed in 11ms
176 timing metavuln:cache:get:security-advisory:firebase:QiuXt23cN+dS5EQPyjxN55KR1YvgaAevLs+gDP/ZP5qqELpnDg8aVufGsqTQr+EBH/Je+lCGAGaqYodLjnNOBg== Completed in 12ms
177 timing metavuln:load:security-advisory:firebase:zZdkoW9vG/s07PhMiv4IdtBGtNS7bs5uYCobLZivZoXtg8XxIOfzwWWIpsjH4iJhd7yTqJPcnqnn2B7HsK0GmA== Completed in 27ms
178 timing metavuln:calculate:security-advisory:firebase:zZdkoW9vG/s07PhMiv4IdtBGtNS7bs5uYCobLZivZoXtg8XxIOfzwWWIpsjH4iJhd7yTqJPcnqnn2B7HsK0GmA== Completed in 39ms
179 timing metavuln:cache:get:security-advisory:@firebase/functions-compat:yD5KAw1U78B5EV7gy3Z4iIBF22UkyzJwXEbMPhpVsBhnVJLMIR5YY1O0O00Kq3/dzcfMyPCKWSCTAJjMcKMnBQ== Completed in 3ms
180 timing metavuln:cache:get:security-advisory:firebase:nkV5TIVucXZ0V2LSSooiXV4xN/QlnRtpWIfkG80RqwDSfvEu1UA+eeLZtGbDdiXJQTC6AEanEDlwLXbAICHOsQ== Completed in 2ms
181 timing metavuln:load:security-advisory:firebase:7PT3z23EOui4WgQNnZ9FT+v/Xpmu9fOnRTqRzQmkVibzx4ovlPtu9KosN3Fd0HeN2Ut/VPG1HVqbfN1uvPxL6g== Completed in 28ms
182 timing metavuln:calculate:security-advisory:firebase:7PT3z23EOui4WgQNnZ9FT+v/Xpmu9fOnRTqRzQmkVibzx4ovlPtu9KosN3Fd0HeN2Ut/VPG1HVqbfN1uvPxL6g== Completed in 30ms
183 http fetch GET 200 https://registry.npmjs.org/@firebase%2ffunctions-compat 38ms (cache hit)
184 timing metavuln:packument:@firebase/functions-compat Completed in 43ms
185 timing metavuln:load:security-advisory:@firebase/functions-compat:7PT3z23EOui4WgQNnZ9FT+v/Xpmu9fOnRTqRzQmkVibzx4ovlPtu9KosN3Fd0HeN2Ut/VPG1HVqbfN1uvPxL6g== Completed in 5ms
186 timing metavuln:calculate:security-advisory:@firebase/functions-compat:7PT3z23EOui4WgQNnZ9FT+v/Xpmu9fOnRTqRzQmkVibzx4ovlPtu9KosN3Fd0HeN2Ut/VPG1HVqbfN1uvPxL6g== Completed in 49ms
187 timing metavuln:cache:get:security-advisory:@firebase/firestore-compat:LBSD0A6Z37kM6zeCqnEnafM5nABAlbiGQ2gjMB+3+xeVAUJin3mdB1sv0LGlkHPI0CD2SVzh9LkyW3b4dd0JdA== Completed in 2ms
188 timing metavuln:cache:get:security-advisory:firebase:X3MwvpAlHE+mgojs2bHiwV04nc7yDsNGnyEihqaIlOhoM+nUxQ4N0OUABNK80Rgw5GL/kS5fXO8HdEmQch9Y6A== Completed in 2ms
189 timing metavuln:load:security-advisory:firebase:DuZdPSGUZvoftwJZN6uB0/3/+LGm0p98wRfP7oXhakt+wC0kenyZj0nwncg+FOkW/BEmLUxGUnF2ugmjusXsAA== Completed in 27ms
190 timing metavuln:calculate:security-advisory:firebase:DuZdPSGUZvoftwJZN6uB0/3/+LGm0p98wRfP7oXhakt+wC0kenyZj0nwncg+FOkW/BEmLUxGUnF2ugmjusXsAA== Completed in 29ms
191 http fetch GET 200 https://registry.npmjs.org/@firebase%2ffirestore-compat 36ms (cache hit)
192 timing metavuln:packument:@firebase/firestore-compat Completed in 43ms
193 timing metavuln:load:security-advisory:@firebase/firestore-compat:DuZdPSGUZvoftwJZN6uB0/3/+LGm0p98wRfP7oXhakt+wC0kenyZj0nwncg+FOkW/BEmLUxGUnF2ugmjusXsAA== Completed in 7ms
194 timing metavuln:calculate:security-advisory:@firebase/firestore-compat:DuZdPSGUZvoftwJZN6uB0/3/+LGm0p98wRfP7oXhakt+wC0kenyZj0nwncg+FOkW/BEmLUxGUnF2ugmjusXsAA== Completed in 51ms
195 timing metavuln:cache:get:security-advisory:@firebase/storage-compat:j1j6ghg13F7ULA4TNpEyXroq5MwiMEQC4P/9/h5c+beMcDfBXBxQ/ZLD74iOebjjLt8kO8GkZ+rgoqgC5yx6aw== Completed in 2ms
196 timing metavuln:cache:get:security-advisory:firebase:CRbgjhNO5ki2nNZ4Qfd5PvEGXG/uLL/stYlkVBsMolyxUa7D1T8mRY64RlsYlY0JBXK8I6smYGfv0zTMyahkgQ== Completed in 2ms
197 timing metavuln:load:security-advisory:firebase:UOlbyk6IwZTOudrk1Rnyrd8CWtzFpZbdHTlpwrZLpwJnR6dXoCJpi5om7eox3KuCk4ipXhLI3CZmVUB/fglWkQ== Completed in 28ms
198 timing metavuln:calculate:security-advisory:firebase:UOlbyk6IwZTOudrk1Rnyrd8CWtzFpZbdHTlpwrZLpwJnR6dXoCJpi5om7eox3KuCk4ipXhLI3CZmVUB/fglWkQ== Completed in 30ms
199 http fetch GET 200 https://registry.npmjs.org/@firebase%2fstorage-compat 37ms (cache hit)
200 timing metavuln:packument:@firebase/storage-compat Completed in 43ms
201 timing metavuln:load:security-advisory:@firebase/storage-compat:UOlbyk6IwZTOudrk1Rnyrd8CWtzFpZbdHTlpwrZLpwJnR6dXoCJpi5om7eox3KuCk4ipXhLI3CZmVUB/fglWkQ== Completed in 5ms
202 timing metavuln:calculate:security-advisory:@firebase/storage-compat:UOlbyk6IwZTOudrk1Rnyrd8CWtzFpZbdHTlpwrZLpwJnR6dXoCJpi5om7eox3KuCk4ipXhLI3CZmVUB/fglWkQ== Completed in 48ms
203 timing metavuln:cache:get:security-advisory:@expo/cli:ufNIFwwnUA1JjbaI3A+blXreI8v2r5UxNeZOfJfKRWmpycxryjev7zkVHZ4X1/2vPRU2uqJRazfOe6/xDqkBkw== Completed in 1ms
204 timing metavuln:load:security-advisory:@expo/cli:nokJl6KKW0rH4U6jZNZ5R4dXvDzGIYeHAVqP0do0qV2CSgqH36g/NMsU2BhlJF7EeHoTemct/W5VGg3twwIb0A== Completed in 0ms
205 timing metavuln:calculate:security-advisory:@expo/cli:nokJl6KKW0rH4U6jZNZ5R4dXvDzGIYeHAVqP0do0qV2CSgqH36g/NMsU2BhlJF7EeHoTemct/W5VGg3twwIb0A== Completed in 2ms
206 timing metavuln:cache:get:security-advisory:expo:XyMYlpiX9ddbGiDa2CiWC4LokQsKHrt9OvF9GwpKE5PrUheQX7k8Kx/LzOowrIalhwtkPeF7EtbAFSJ92FQJYQ== Completed in 2ms
207 http fetch GET 200 https://registry.npmjs.org/expo 8ms (cache hit)
208 timing metavuln:packument:expo Completed in 14ms
209 timing metavuln:load:security-advisory:expo:GOYM+dyl9qlACgf83PxsYh0af+fG8C2OcFOv8uiWKsKm6e3/MmNtG38XmZWwEd6IGJr03u7c0ULrITp6+tiJbQ== Completed in 1ms
210 timing metavuln:calculate:security-advisory:expo:GOYM+dyl9qlACgf83PxsYh0af+fG8C2OcFOv8uiWKsKm6e3/MmNtG38XmZWwEd6IGJr03u7c0ULrITp6+tiJbQ== Completed in 15ms
211 timing metavuln:cache:get:security-advisory:react-addons-shallow-compare:1Kp1l5w5BNnpXzCEjwHx77DYCXRCdCahBTv5bC4KES+D3dV11PwIwVUwT66MaauH5vyJzK0BLWXVqmaUKwgVrg== Completed in 3ms
212 timing metavuln:cache:get:security-advisory:prop-types:4DE3jn+dXJmuH5wwFsbHXsZoVHZVUUoJjUKQknxI3bH2GJhSlZsq/pXtMQvZN4LDIUkq8a1/GqmauypvwGsnwA== Completed in 2ms
213 http fetch GET 200 https://registry.npmjs.org/react-addons-shallow-compare 7ms (cache hit)
214 timing metavuln:packument:react-addons-shallow-compare Completed in 9ms
215 timing metavuln:load:security-advisory:react-addons-shallow-compare:YbacKfG9yQi0MgwYTJFObMb+AxrhG3Ii4SCRRm7rdN+d3jZkpYSolFiHrg47IyZI20my1sfroLnEvdfl8q5HCw== Completed in 0ms
216 timing metavuln:calculate:security-advisory:react-addons-shallow-compare:YbacKfG9yQi0MgwYTJFObMb+AxrhG3Ii4SCRRm7rdN+d3jZkpYSolFiHrg47IyZI20my1sfroLnEvdfl8q5HCw== Completed in 9ms
217 http fetch GET 200 https://registry.npmjs.org/prop-types 8ms (cache hit)
218 timing metavuln:packument:prop-types Completed in 9ms
219 timing metavuln:load:security-advisory:prop-types:YbacKfG9yQi0MgwYTJFObMb+AxrhG3Ii4SCRRm7rdN+d3jZkpYSolFiHrg47IyZI20my1sfroLnEvdfl8q5HCw== Completed in 0ms
220 timing metavuln:calculate:security-advisory:prop-types:YbacKfG9yQi0MgwYTJFObMb+AxrhG3Ii4SCRRm7rdN+d3jZkpYSolFiHrg47IyZI20my1sfroLnEvdfl8q5HCw== Completed in 9ms
221 timing metavuln:cache:get:security-advisory:firebase:En9w1A/978hcEbI7q0FT0gRA4BZxGyLc9U4+YcFGjDwZ8OZSxCVH7p2X8czKlP+iEcpzXCpG4ggMJ99MJ17Bqw== Completed in 2ms
222 timing metavuln:load:security-advisory:firebase:yD5KAw1U78B5EV7gy3Z4iIBF22UkyzJwXEbMPhpVsBhnVJLMIR5YY1O0O00Kq3/dzcfMyPCKWSCTAJjMcKMnBQ== Completed in 29ms
223 timing metavuln:calculate:security-advisory:firebase:yD5KAw1U78B5EV7gy3Z4iIBF22UkyzJwXEbMPhpVsBhnVJLMIR5YY1O0O00Kq3/dzcfMyPCKWSCTAJjMcKMnBQ== Completed in 31ms
224 timing metavuln:cache:get:security-advisory:firebase:1a0GAiqpkR4mSs14cUYOTF0XUKkwmrTIQiAGqiIqBxiklIjakjGnP89VtlMb+Zb+9k1XhCqaJ9pbjMDy8GRPpg== Completed in 2ms
225 timing metavuln:load:security-advisory:firebase:LBSD0A6Z37kM6zeCqnEnafM5nABAlbiGQ2gjMB+3+xeVAUJin3mdB1sv0LGlkHPI0CD2SVzh9LkyW3b4dd0JdA== Completed in 29ms
226 timing metavuln:calculate:security-advisory:firebase:LBSD0A6Z37kM6zeCqnEnafM5nABAlbiGQ2gjMB+3+xeVAUJin3mdB1sv0LGlkHPI0CD2SVzh9LkyW3b4dd0JdA== Completed in 31ms
227 timing metavuln:cache:get:security-advisory:firebase:uVtl9Q41QUKDM+Hb66crpFmAnKBErMpbkxTip77mArn0o9iVUksHw7lafz6LvYmWWMRB3enDLKIa2wfN37hSnA== Completed in 2ms
228 timing metavuln:load:security-advisory:firebase:j1j6ghg13F7ULA4TNpEyXroq5MwiMEQC4P/9/h5c+beMcDfBXBxQ/ZLD74iOebjjLt8kO8GkZ+rgoqgC5yx6aw== Completed in 27ms
229 timing metavuln:calculate:security-advisory:firebase:j1j6ghg13F7ULA4TNpEyXroq5MwiMEQC4P/9/h5c+beMcDfBXBxQ/ZLD74iOebjjLt8kO8GkZ+rgoqgC5yx6aw== Completed in 29ms
230 timing metavuln:cache:get:security-advisory:react-native-snap-carousel:QwJg2DsXnlw6j8Y9kyJwtRz7VQT/PV064fBgzflzWAjqbuCCn6rPmurZrasEYDr26kcD7URPGHguxSqJ7x8WEg== Completed in 3ms
231 http fetch GET 200 https://registry.npmjs.org/react-native-snap-carousel 5ms (cache hit)
232 timing metavuln:packument:react-native-snap-carousel Completed in 7ms
233 timing metavuln:load:security-advisory:react-native-snap-carousel:1Kp1l5w5BNnpXzCEjwHx77DYCXRCdCahBTv5bC4KES+D3dV11PwIwVUwT66MaauH5vyJzK0BLWXVqmaUKwgVrg== Completed in 0ms
234 timing metavuln:calculate:security-advisory:react-native-snap-carousel:1Kp1l5w5BNnpXzCEjwHx77DYCXRCdCahBTv5bC4KES+D3dV11PwIwVUwT66MaauH5vyJzK0BLWXVqmaUKwgVrg== Completed in 7ms
235 timing metavuln:cache:get:security-advisory:react-native-deck-swiper:mfTWLNt77oXE+tEcEvovcay9wFliID2oPZRTrFjOQkYl/NtDoKarfj+/xpCJrTeOE1kW+VZBUhBg0QZhyqElVw== Completed in 2ms
236 http fetch GET 200 https://registry.npmjs.org/react-native-deck-swiper 6ms (cache hit)
237 timing metavuln:packument:react-native-deck-swiper Completed in 6ms
238 timing metavuln:load:security-advisory:react-native-deck-swiper:4DE3jn+dXJmuH5wwFsbHXsZoVHZVUUoJjUKQknxI3bH2GJhSlZsq/pXtMQvZN4LDIUkq8a1/GqmauypvwGsnwA== Completed in 1ms
239 timing metavuln:calculate:security-advisory:react-native-deck-swiper:4DE3jn+dXJmuH5wwFsbHXsZoVHZVUUoJjUKQknxI3bH2GJhSlZsq/pXtMQvZN4LDIUkq8a1/GqmauypvwGsnwA== Completed in 7ms
240 timing auditReport:init Completed in 1094ms
241 timing reify:audit Completed in 1734ms
242 timing reify Completed in 2827ms
243 silly ADD
244 silly ADD
245 silly ADD
246 silly ADD
247 silly ADD
248 silly ADD
249 silly ADD
250 silly ADD
251 silly CHANGE node_modules/expo-device
252 timing command:install Completed in 3406ms
253 verbose exit 0
254 timing npm Completed in 3746ms
255 info ok
